[2019-03-19 13:40:47,456: DEBUG/MainProcess] | Worker: Preparing bootsteps.
[2019-03-19 13:40:47,458: DEBUG/MainProcess] | Worker: Building graph...
[2019-03-19 13:40:47,459: DEBUG/MainProcess] | Worker: New boot order: {StateDB, Beat, Timer, Hub, Pool, Autoscaler, Consumer}
[2019-03-19 13:40:47,510: DEBUG/MainProcess] | Consumer: Preparing bootsteps.
[2019-03-19 13:40:47,511: DEBUG/MainProcess] | Consumer: Building graph...
[2019-03-19 13:40:47,581: DEBUG/MainProcess] | Consumer: New boot order: {Connection, Events, Heart, Agent, Mingle, Gossip, Tasks, Control, event loop}
[2019-03-19 13:40:47,622: DEBUG/MainProcess] | Worker: Starting Hub
[2019-03-19 13:40:47,622: DEBUG/MainProcess] ^-- substep ok
[2019-03-19 13:40:47,623: DEBUG/MainProcess] | Worker: Starting Pool
[2019-03-19 13:40:47,672: DEBUG/MainProcess] ^-- substep ok
[2019-03-19 13:40:47,673: DEBUG/MainProcess] | Worker: Starting Consumer
[2019-03-19 13:40:47,673: DEBUG/MainProcess] | Consumer: Starting Connection
[2019-03-19 13:40:47,724: INFO/MainProcess] Connected to redis://localhost:6379/0
[2019-03-19 13:40:47,724: DEBUG/MainProcess] ^-- substep ok
[2019-03-19 13:40:47,724: DEBUG/MainProcess] | Consumer: Starting Events
[2019-03-19 13:40:47,760: DEBUG/MainProcess] ^-- substep ok
[2019-03-19 13:40:47,774: DEBUG/MainProcess] | Consumer: Starting Heart
[2019-03-19 13:40:47,782: DEBUG/MainProcess] ^-- substep ok
[2019-03-19 13:40:47,782: DEBUG/MainProcess] | Consumer: Starting Mingle
[2019-03-19 13:40:47,783: INFO/MainProcess] mingle: searching for neighbors
[2019-03-19 13:40:48,903: INFO/MainProcess] mingle: sync with 4 nodes
[2019-03-19 13:40:48,905: DEBUG/MainProcess] mingle: processing reply from celery1@eva01
[2019-03-19 13:40:48,905: DEBUG/MainProcess] mingle: processing reply from celery3@eva01
[2019-03-19 13:40:48,905: DEBUG/MainProcess] mingle: processing reply from celery@worker.svc_add_follower
[2019-03-19 13:40:48,906: DEBUG/MainProcess] mingle: processing reply from celery2@eva01
[2019-03-19 13:40:48,906: INFO/MainProcess] mingle: sync complete
[2019-03-19 13:40:48,906: DEBUG/MainProcess] ^-- substep ok
[2019-03-19 13:40:48,906: DEBUG/MainProcess] | Consumer: Starting Gossip
[2019-03-19 13:40:48,909: DEBUG/MainProcess] ^-- substep ok
[2019-03-19 13:40:48,909: DEBUG/MainProcess] | Consumer: Starting Tasks
[2019-03-19 13:40:48,921: DEBUG/MainProcess] ^-- substep ok
[2019-03-19 13:40:48,921: DEBUG/MainProcess] | Consumer: Starting Control
[2019-03-19 13:40:48,924: DEBUG/MainProcess] ^-- substep ok
[2019-03-19 13:40:48,924: DEBUG/MainProcess] | Consumer: Starting event loop
[2019-03-19 13:40:48,924: DEBUG/MainProcess] | Worker: Hub.register Pool...
[2019-03-19 13:40:48,926: WARNING/MainProcess] /home/adminko/GRAMMER/venv/lib/python3.6/site-packages/celery/fixups/django.py:200: UserWarning: Using settings.DEBUG leads to a memory leak, never use this setting in production environments!
  warnings.warn('Using settings.DEBUG leads to a memory leak, never '
[2019-03-19 13:40:48,926: INFO/MainProcess] celery5@eva01 ready.
[2019-03-19 13:40:48,926: DEBUG/MainProcess] basic.qos: prefetch_count->4
[2019-03-19 13:40:48,939: DEBUG/MainProcess] celery2@eva01 joined the party
[2019-03-19 13:40:49,776: DEBUG/MainProcess] celery1@eva01 joined the party
[2019-03-19 13:40:49,936: DEBUG/MainProcess] celery3@eva01 joined the party
[2019-03-19 13:40:49,961: DEBUG/MainProcess] celery4@eva01 joined the party
[2019-03-19 13:40:50,217: DEBUG/MainProcess] celery@worker.svc_add_follower joined the party
[2019-03-19 13:40:51,905: DEBUG/MainProcess] pidbox received method heartbeat() [reply_to:None ticket:None]
[2019-03-19 13:40:51,905: DEBUG/MainProcess] Heartbeat requested by remote.
[2019-03-19 13:40:51,933: DEBUG/MainProcess] pidbox received method stats() [reply_to:{'exchange': 'reply.celery.pidbox', 'routing_key': 'cdebccce-6e75-3884-8c29-bd9e75f02382'} ticket:65ac0508-cda2-4674-804e-a091f216a195]
[2019-03-19 13:40:52,097: DEBUG/MainProcess] pidbox received method active_queues() [reply_to:{'exchange': 'reply.celery.pidbox', 'routing_key': 'aa1257a0-de30-3cd4-b1af-0535fe301041'} ticket:836506b5-45ab-4a16-80b0-3246f6d6aa7e]
[2019-03-19 13:40:52,124: DEBUG/MainProcess] pidbox received method scheduled() [reply_to:{'exchange': 'reply.celery.pidbox', 'routing_key': '5b7ad659-500e-3245-9dfe-81fd2b17f1d6'} ticket:02b17155-3921-4a0d-b5e0-cc8657fa9b2c]
[2019-03-19 13:40:52,143: DEBUG/MainProcess] pidbox received method registered(taskinfoitems=[]) [reply_to:{'exchange': 'reply.celery.pidbox', 'routing_key': '2e96f2f3-40c2-3d3d-ac56-7201edae9e61'} ticket:7e289e33-31cc-4c14-ba7a-265aea4cd085]
[2019-03-19 13:40:53,117: DEBUG/MainProcess] pidbox received method active() [reply_to:{'exchange': 'reply.celery.pidbox', 'routing_key': 'cdebccce-6e75-3884-8c29-bd9e75f02382'} ticket:094582ff-a024-4f75-ac9b-462d8ea3657d]
[2019-03-19 13:40:53,167: DEBUG/MainProcess] pidbox received method conf(with_defaults=False) [reply_to:{'exchange': 'reply.celery.pidbox', 'routing_key': 'aa1257a0-de30-3cd4-b1af-0535fe301041'} ticket:36aea95c-7ef2-42bf-97b9-bc18c592cffc]
[2019-03-19 13:40:53,613: DEBUG/MainProcess] pidbox received method revoked() [reply_to:{'exchange': 'reply.celery.pidbox', 'routing_key': '2e96f2f3-40c2-3d3d-ac56-7201edae9e61'} ticket:d6f72cbf-83e7-4a90-b996-82097721e13e]
[2019-03-19 13:40:53,630: DEBUG/MainProcess] pidbox received method reserved() [reply_to:{'exchange': 'reply.celery.pidbox', 'routing_key': '5b7ad659-500e-3245-9dfe-81fd2b17f1d6'} ticket:07a0082f-3d3f-47c3-bf60-3c38b74e27a6]
[2019-03-19 13:40:56,730: DEBUG/MainProcess] pidbox received method enable_events() [reply_to:None ticket:None]
[2019-03-19 13:40:56,731: INFO/MainProcess] Events of group {task} enabled by remote.
[2019-03-19 13:41:01,734: DEBUG/MainProcess] pidbox received method enable_events() [reply_to:None ticket:None]
[2019-03-19 13:41:06,729: DEBUG/MainProcess] pidbox received method enable_events() [reply_to:None ticket:None]
[2019-03-19 13:41:11,732: DEBUG/MainProcess] pidbox received method enable_events() [reply_to:None ticket:None]
[2019-03-19 13:41:16,728: DEBUG/MainProcess] pidbox received method enable_events() [reply_to:None ticket:None]
[2019-03-19 13:41:21,729: DEBUG/MainProcess] pidbox received method enable_events() [reply_to:None ticket:None]
[2019-03-19 13:41:26,732: DEBUG/MainProcess] pidbox received method enable_events() [reply_to:None ticket:None]
[2019-03-19 13:41:29,355: DEBUG/MainProcess] celery@worker.svc_add_follower left
[2019-03-19 13:41:31,739: DEBUG/MainProcess] pidbox received method enable_events() [reply_to:None ticket:None]
[2019-03-19 13:41:36,731: DEBUG/MainProcess] pidbox received method enable_events() [reply_to:None ticket:None]
[2019-03-19 13:41:47,540: DEBUG/MainProcess] pidbox received method heartbeat() [reply_to:None ticket:None]
[2019-03-19 13:41:47,540: DEBUG/MainProcess] Heartbeat requested by remote.
[2019-03-19 13:41:47,568: DEBUG/MainProcess] pidbox received method active_queues() [reply_to:{'exchange': 'reply.celery.pidbox', 'routing_key': 'c706264f-f44a-365f-8e00-aade0e567d3b'} ticket:92e233b5-7c2d-4be6-bf73-14492a61a4d2]
[2019-03-19 13:41:47,652: DEBUG/MainProcess] pidbox received method stats() [reply_to:{'exchange': 'reply.celery.pidbox', 'routing_key': '3d7d85c9-e85e-347c-bc6a-7fb3b3319e3e'} ticket:1f6e544d-6b78-4856-a1c8-831cde9b455d]
[2019-03-19 13:41:47,662: DEBUG/MainProcess] pidbox received method registered(taskinfoitems=[]) [reply_to:{'exchange': 'reply.celery.pidbox', 'routing_key': '16eead05-4b98-382c-84a9-0e7291fc307b'} ticket:88064479-39cd-4253-b81e-04d74870e53e]
[2019-03-19 13:41:47,685: DEBUG/MainProcess] pidbox received method scheduled() [reply_to:{'exchange': 'reply.celery.pidbox', 'routing_key': 'fb34bfa0-4d85-384f-b57a-da355fd2ae71'} ticket:5a350f7b-6c5a-4933-a87f-2d3b0b90eaa2]
[2019-03-19 13:41:48,689: DEBUG/MainProcess] pidbox received method active() [reply_to:{'exchange': 'reply.celery.pidbox', 'routing_key': 'c706264f-f44a-365f-8e00-aade0e567d3b'} ticket:7ee6f06b-eac6-421e-8bc6-da55197f2439]
[2019-03-19 13:41:48,716: DEBUG/MainProcess] pidbox received method reserved() [reply_to:{'exchange': 'reply.celery.pidbox', 'routing_key': '3d7d85c9-e85e-347c-bc6a-7fb3b3319e3e'} ticket:76ad65bb-e155-4d09-8468-0a0b769f9a58]
[2019-03-19 13:41:48,726: DEBUG/MainProcess] pidbox received method revoked() [reply_to:{'exchange': 'reply.celery.pidbox', 'routing_key': '16eead05-4b98-382c-84a9-0e7291fc307b'} ticket:7d7b458f-f188-4f35-96c4-4641810cf04f]
[2019-03-19 13:41:48,802: DEBUG/MainProcess] pidbox received method conf(with_defaults=False) [reply_to:{'exchange': 'reply.celery.pidbox', 'routing_key': 'fb34bfa0-4d85-384f-b57a-da355fd2ae71'} ticket:c0e2b633-8e43-49f1-809c-30e3cf05e769]
[2019-03-19 13:41:52,312: DEBUG/MainProcess] pidbox received method enable_events() [reply_to:None ticket:None]
[2019-03-19 13:41:57,315: DEBUG/MainProcess] pidbox received method enable_events() [reply_to:None ticket:None]
[2019-03-19 13:42:02,315: DEBUG/MainProcess] pidbox received method enable_events() [reply_to:None ticket:None]
[2019-03-19 13:42:07,312: DEBUG/MainProcess] pidbox received method enable_events() [reply_to:None ticket:None]
[2019-03-19 13:42:12,315: DEBUG/MainProcess] pidbox received method enable_events() [reply_to:None ticket:None]
[2019-03-19 13:42:17,313: DEBUG/MainProcess] pidbox received method enable_events() [reply_to:None ticket:None]
[2019-03-19 13:42:22,312: DEBUG/MainProcess] pidbox received method enable_events() [reply_to:None ticket:None]
[2019-03-19 13:42:27,312: DEBUG/MainProcess] pidbox received method enable_events() [reply_to:None ticket:None]
[2019-03-19 13:42:32,314: DEBUG/MainProcess] pidbox received method enable_events() [reply_to:None ticket:None]
[2019-03-19 13:42:37,314: DEBUG/MainProcess] pidbox received method enable_events() [reply_to:None ticket:None]
[2019-03-19 13:42:42,319: DEBUG/MainProcess] pidbox received method enable_events() [reply_to:None ticket:None]
[2019-03-19 13:42:47,313: DEBUG/MainProcess] pidbox received method enable_events() [reply_to:None ticket:None]
[2019-03-19 13:42:52,320: DEBUG/MainProcess] pidbox received method enable_events() [reply_to:None ticket:None]
[2019-03-19 13:42:57,313: DEBUG/MainProcess] pidbox received method enable_events() [reply_to:None ticket:None]
[2019-03-19 13:43:02,313: DEBUG/MainProcess] pidbox received method enable_events() [reply_to:None ticket:None]
[2019-03-19 13:43:07,313: DEBUG/MainProcess] pidbox received method enable_events() [reply_to:None ticket:None]
[2019-03-19 13:43:12,312: DEBUG/MainProcess] pidbox received method enable_events() [reply_to:None ticket:None]
[2019-03-19 13:43:17,314: DEBUG/MainProcess] pidbox received method enable_events() [reply_to:None ticket:None]
[2019-03-19 13:43:22,313: DEBUG/MainProcess] pidbox received method enable_events() [reply_to:None ticket:None]
[2019-03-19 13:43:27,320: DEBUG/MainProcess] pidbox received method enable_events() [reply_to:None ticket:None]
[2019-03-19 13:43:32,315: DEBUG/MainProcess] pidbox received method enable_events() [reply_to:None ticket:None]
[2019-03-19 13:43:37,313: DEBUG/MainProcess] pidbox received method enable_events() [reply_to:None ticket:None]
[2019-03-19 13:43:42,313: DEBUG/MainProcess] pidbox received method enable_events() [reply_to:None ticket:None]
[2019-03-19 13:43:47,315: DEBUG/MainProcess] pidbox received method enable_events() [reply_to:None ticket:None]
[2019-03-19 13:43:52,313: DEBUG/MainProcess] pidbox received method enable_events() [reply_to:None ticket:None]
[2019-03-19 13:43:57,312: DEBUG/MainProcess] pidbox received method enable_events() [reply_to:None ticket:None]
[2019-03-19 13:44:02,312: DEBUG/MainProcess] pidbox received method enable_events() [reply_to:None ticket:None]
[2019-03-19 13:44:07,312: DEBUG/MainProcess] pidbox received method enable_events() [reply_to:None ticket:None]
[2019-03-19 13:44:12,313: DEBUG/MainProcess] pidbox received method enable_events() [reply_to:None ticket:None]
[2019-03-19 13:44:17,316: DEBUG/MainProcess] pidbox received method enable_events() [reply_to:None ticket:None]
[2019-03-19 13:44:22,313: DEBUG/MainProcess] pidbox received method enable_events() [reply_to:None ticket:None]
[2019-03-19 13:44:27,313: DEBUG/MainProcess] pidbox received method enable_events() [reply_to:None ticket:None]
[2019-03-19 13:44:32,313: DEBUG/MainProcess] pidbox received method enable_events() [reply_to:None ticket:None]
[2019-03-19 13:44:37,312: DEBUG/MainProcess] pidbox received method enable_events() [reply_to:None ticket:None]
[2019-03-19 13:44:42,311: DEBUG/MainProcess] pidbox received method enable_events() [reply_to:None ticket:None]
[2019-03-19 13:44:44,045: INFO/MainProcess] Received task: main.tasks.like[96afd56f-f32a-4f2f-9d3b-87c6e921cc65]  
[2019-03-19 13:44:44,047: DEBUG/MainProcess] TaskPool: Apply <function _fast_trace_task at 0x7f42fed40048> (args:('main.tasks.like', '96afd56f-f32a-4f2f-9d3b-87c6e921cc65', {'lang': 'py', 'task': 'main.tasks.like', 'id': '96afd56f-f32a-4f2f-9d3b-87c6e921cc65', 'shadow': None, 'eta': None, 'expires': None, 'group': None, 'retries': 0, 'timelimit': [None, None], 'root_id': '3e472839-7ba4-468d-ad34-c999688017aa', 'parent_id': '3e472839-7ba4-468d-ad34-c999688017aa', 'argsrepr': "(540, 'kabluchki_shop')", 'kwargsrepr': '{}', 'origin': 'gen15101@eva01', 'reply_to': 'd917b1fe-fc61-3e05-b499-2d44cd3fd1bb', 'correlation_id': '96afd56f-f32a-4f2f-9d3b-87c6e921cc65', 'delivery_info': {'exchange': '', 'routing_key': 'like_action', 'priority': 0, 'redelivered': None}}, b'[[540, "kabluchki_shop"], {}, {"callbacks": null, "errbacks": null, "chain": null, "chord": null}]', 'application/json', 'utf-8') kwargs:{})
[2019-03-19 13:44:44,055: DEBUG/MainProcess] Task accepted: main.tasks.like[96afd56f-f32a-4f2f-9d3b-87c6e921cc65] pid:15106
[2019-03-19 13:44:47,312: DEBUG/MainProcess] pidbox received method enable_events() [reply_to:None ticket:None]
[2019-03-19 13:44:52,318: DEBUG/MainProcess] pidbox received method enable_events() [reply_to:None ticket:None]
[2019-03-19 13:44:57,314: DEBUG/MainProcess] pidbox received method enable_events() [reply_to:None ticket:None]
[2019-03-19 13:45:02,316: DEBUG/MainProcess] pidbox received method enable_events() [reply_to:None ticket:None]
[2019-03-19 13:45:07,312: DEBUG/MainProcess] pidbox received method enable_events() [reply_to:None ticket:None]
[2019-03-19 13:45:12,314: DEBUG/MainProcess] pidbox received method enable_events() [reply_to:None ticket:None]
[2019-03-19 13:45:17,320: DEBUG/MainProcess] pidbox received method enable_events() [reply_to:None ticket:None]
[2019-03-19 13:45:22,323: DEBUG/MainProcess] pidbox received method enable_events() [reply_to:None ticket:None]
[2019-03-19 13:45:27,315: DEBUG/MainProcess] pidbox received method enable_events() [reply_to:None ticket:None]
[2019-03-19 13:45:32,312: DEBUG/MainProcess] pidbox received method enable_events() [reply_to:None ticket:None]
[2019-03-19 13:45:37,319: DEBUG/MainProcess] pidbox received method enable_events() [reply_to:None ticket:None]
[2019-03-19 13:45:42,316: DEBUG/MainProcess] pidbox received method enable_events() [reply_to:None ticket:None]
[2019-03-19 13:45:47,316: DEBUG/MainProcess] pidbox received method enable_events() [reply_to:None ticket:None]
[2019-03-19 13:45:52,313: DEBUG/MainProcess] pidbox received method enable_events() [reply_to:None ticket:None]
[2019-03-19 13:45:57,315: DEBUG/MainProcess] pidbox received method enable_events() [reply_to:None ticket:None]
[2019-03-19 13:46:02,312: DEBUG/MainProcess] pidbox received method enable_events() [reply_to:None ticket:None]
[2019-03-19 13:46:07,314: DEBUG/MainProcess] pidbox received method enable_events() [reply_to:None ticket:None]
[2019-03-19 13:46:12,315: DEBUG/MainProcess] pidbox received method enable_events() [reply_to:None ticket:None]
[2019-03-19 13:46:17,312: DEBUG/MainProcess] pidbox received method enable_events() [reply_to:None ticket:None]
[2019-03-19 13:46:22,316: DEBUG/MainProcess] pidbox received method enable_events() [reply_to:None ticket:None]
[2019-03-19 13:46:27,314: DEBUG/MainProcess] pidbox received method enable_events() [reply_to:None ticket:None]
[2019-03-19 13:46:32,312: DEBUG/MainProcess] pidbox received method enable_events() [reply_to:None ticket:None]
[2019-03-19 13:46:37,315: DEBUG/MainProcess] pidbox received method enable_events() [reply_to:None ticket:None]
[2019-03-19 13:46:42,316: DEBUG/MainProcess] pidbox received method enable_events() [reply_to:None ticket:None]
[2019-03-19 13:46:47,321: DEBUG/MainProcess] pidbox received method enable_events() [reply_to:None ticket:None]
[2019-03-19 13:46:52,315: DEBUG/MainProcess] pidbox received method enable_events() [reply_to:None ticket:None]
[2019-03-19 13:46:57,316: DEBUG/MainProcess] pidbox received method enable_events() [reply_to:None ticket:None]
[2019-03-19 13:47:02,317: DEBUG/MainProcess] pidbox received method enable_events() [reply_to:None ticket:None]
[2019-03-19 13:47:07,316: DEBUG/MainProcess] pidbox received method enable_events() [reply_to:None ticket:None]
[2019-03-19 13:47:09,939: DEBUG/MainProcess] | Worker: Closing Hub...
[2019-03-19 13:47:09,939: DEBUG/MainProcess] | Worker: Closing Pool...
[2019-03-19 13:47:09,939: DEBUG/MainProcess] | Worker: Closing Consumer...
[2019-03-19 13:47:09,939: DEBUG/MainProcess] | Worker: Stopping Consumer...
[2019-03-19 13:47:09,940: DEBUG/MainProcess] | Consumer: Closing Connection...
[2019-03-19 13:47:09,940: DEBUG/MainProcess] | Consumer: Closing Events...
[2019-03-19 13:47:09,940: DEBUG/MainProcess] | Consumer: Closing Heart...
[2019-03-19 13:47:09,940: DEBUG/MainProcess] | Consumer: Closing Mingle...
[2019-03-19 13:47:09,940: DEBUG/MainProcess] | Consumer: Closing Gossip...
[2019-03-19 13:47:09,940: DEBUG/MainProcess] | Consumer: Closing Tasks...
[2019-03-19 13:47:09,940: DEBUG/MainProcess] | Consumer: Closing Control...
[2019-03-19 13:47:09,941: DEBUG/MainProcess] | Consumer: Closing event loop...
[2019-03-19 13:47:09,941: DEBUG/MainProcess] | Consumer: Stopping event loop...
[2019-03-19 13:47:09,941: DEBUG/MainProcess] | Consumer: Stopping Control...
[2019-03-19 13:47:09,963: DEBUG/MainProcess] | Consumer: Stopping Tasks...
[2019-03-19 13:47:09,963: DEBUG/MainProcess] Canceling task consumer...
[2019-03-19 13:47:09,963: DEBUG/MainProcess] | Consumer: Stopping Gossip...
[2019-03-19 13:47:09,979: DEBUG/MainProcess] | Consumer: Stopping Mingle...
[2019-03-19 13:47:09,979: DEBUG/MainProcess] | Consumer: Stopping Heart...
[2019-03-19 13:47:09,994: DEBUG/MainProcess] | Consumer: Stopping Events...
[2019-03-19 13:47:09,995: DEBUG/MainProcess] | Consumer: Stopping Connection...
[2019-03-19 13:47:09,997: DEBUG/MainProcess] | Worker: Stopping Pool...
[2019-03-19 13:47:11,019: DEBUG/MainProcess] | Worker: Stopping Hub...
[2019-03-19 13:47:11,019: DEBUG/MainProcess] | Consumer: Shutdown Control...
[2019-03-19 13:47:11,019: DEBUG/MainProcess] | Consumer: Shutdown Tasks...
[2019-03-19 13:47:11,019: DEBUG/MainProcess] Canceling task consumer...
[2019-03-19 13:47:11,019: DEBUG/MainProcess] Closing consumer channel...
[2019-03-19 13:47:11,020: DEBUG/MainProcess] | Consumer: Shutdown Gossip...
[2019-03-19 13:47:11,020: DEBUG/MainProcess] | Consumer: Shutdown Heart...
[2019-03-19 13:47:11,020: DEBUG/MainProcess] | Consumer: Shutdown Events...
[2019-03-19 13:47:11,020: DEBUG/MainProcess] | Consumer: Shutdown Connection...
[2019-03-19 13:47:11,021: DEBUG/MainProcess] removing tasks from inqueue until task handler finished
[2019-03-19 13:55:29,752: DEBUG/MainProcess] | Worker: Preparing bootsteps.
[2019-03-19 13:55:29,755: DEBUG/MainProcess] | Worker: Building graph...
[2019-03-19 13:55:29,756: DEBUG/MainProcess] | Worker: New boot order: {Timer, Hub, Pool, Autoscaler, Beat, StateDB, Consumer}
[2019-03-19 13:55:29,799: DEBUG/MainProcess] | Consumer: Preparing bootsteps.
[2019-03-19 13:55:29,799: DEBUG/MainProcess] | Consumer: Building graph...
[2019-03-19 13:55:29,863: DEBUG/MainProcess] | Consumer: New boot order: {Connection, Events, Heart, Mingle, Gossip, Agent, Tasks, Control, event loop}
[2019-03-19 13:55:29,902: DEBUG/MainProcess] | Worker: Starting Hub
[2019-03-19 13:55:29,902: DEBUG/MainProcess] ^-- substep ok
[2019-03-19 13:55:29,902: DEBUG/MainProcess] | Worker: Starting Pool
[2019-03-19 13:55:30,011: DEBUG/MainProcess] ^-- substep ok
[2019-03-19 13:55:30,012: DEBUG/MainProcess] | Worker: Starting Consumer
[2019-03-19 13:55:30,012: DEBUG/MainProcess] | Consumer: Starting Connection
[2019-03-19 13:55:30,091: INFO/MainProcess] Connected to redis://localhost:6379/0
[2019-03-19 13:55:30,091: DEBUG/MainProcess] ^-- substep ok
[2019-03-19 13:55:30,091: DEBUG/MainProcess] | Consumer: Starting Events
[2019-03-19 13:55:30,191: DEBUG/MainProcess] ^-- substep ok
[2019-03-19 13:55:30,191: DEBUG/MainProcess] | Consumer: Starting Heart
[2019-03-19 13:55:30,205: DEBUG/MainProcess] ^-- substep ok
[2019-03-19 13:55:30,205: DEBUG/MainProcess] | Consumer: Starting Mingle
[2019-03-19 13:55:30,206: INFO/MainProcess] mingle: searching for neighbors
[2019-03-19 13:55:31,407: INFO/MainProcess] mingle: sync with 4 nodes
[2019-03-19 13:55:31,409: DEBUG/MainProcess] mingle: processing reply from celery1@eva01
[2019-03-19 13:55:31,409: DEBUG/MainProcess] mingle: processing reply from celery3@eva01
[2019-03-19 13:55:31,409: DEBUG/MainProcess] mingle: processing reply from celery2@eva01
[2019-03-19 13:55:31,409: DEBUG/MainProcess] mingle: processing reply from celery4@eva01
[2019-03-19 13:55:31,410: INFO/MainProcess] mingle: sync complete
[2019-03-19 13:55:31,410: DEBUG/MainProcess] ^-- substep ok
[2019-03-19 13:55:31,410: DEBUG/MainProcess] | Consumer: Starting Gossip
[2019-03-19 13:55:31,413: DEBUG/MainProcess] ^-- substep ok
[2019-03-19 13:55:31,413: DEBUG/MainProcess] | Consumer: Starting Tasks
[2019-03-19 13:55:31,425: DEBUG/MainProcess] ^-- substep ok
[2019-03-19 13:55:31,425: DEBUG/MainProcess] | Consumer: Starting Control
[2019-03-19 13:55:31,428: DEBUG/MainProcess] ^-- substep ok
[2019-03-19 13:55:31,428: DEBUG/MainProcess] | Consumer: Starting event loop
[2019-03-19 13:55:31,428: DEBUG/MainProcess] | Worker: Hub.register Pool...
[2019-03-19 13:55:31,430: WARNING/MainProcess] /home/adminko/GRAMMER/venv/lib/python3.6/site-packages/celery/fixups/django.py:200: UserWarning: Using settings.DEBUG leads to a memory leak, never use this setting in production environments!
  warnings.warn('Using settings.DEBUG leads to a memory leak, never '
[2019-03-19 13:55:31,430: INFO/MainProcess] celery5@eva01 ready.
[2019-03-19 13:55:31,430: DEBUG/MainProcess] basic.qos: prefetch_count->4
[2019-03-19 13:55:31,688: DEBUG/MainProcess] celery2@eva01 joined the party
[2019-03-19 13:55:32,428: DEBUG/MainProcess] celery1@eva01 joined the party
[2019-03-19 13:55:32,890: DEBUG/MainProcess] celery3@eva01 joined the party
[2019-03-19 13:55:33,082: DEBUG/MainProcess] celery4@eva01 joined the party
[2019-03-19 13:55:33,799: DEBUG/MainProcess] pidbox received method heartbeat() [reply_to:None ticket:None]
[2019-03-19 13:55:33,799: DEBUG/MainProcess] Heartbeat requested by remote.
[2019-03-19 13:55:33,826: DEBUG/MainProcess] pidbox received method stats() [reply_to:{'exchange': 'reply.celery.pidbox', 'routing_key': '296b78b8-bcb8-32b1-9aca-de5abdf94b9c'} ticket:acbb2566-694f-445a-98d2-b172a6079841]
[2019-03-19 13:55:33,897: DEBUG/MainProcess] pidbox received method active_queues() [reply_to:{'exchange': 'reply.celery.pidbox', 'routing_key': 'a4146202-a9dc-32fe-95e6-c12f222694ef'} ticket:c0f3c3b7-1a43-45b6-b0ea-3d8eaa81b870]
[2019-03-19 13:55:33,914: DEBUG/MainProcess] pidbox received method registered(taskinfoitems=[]) [reply_to:{'exchange': 'reply.celery.pidbox', 'routing_key': 'aed6642d-575d-316e-a6f9-da35325592f5'} ticket:3cb46ad9-6b20-4c3b-8e84-93087fcf3ab5]
[2019-03-19 13:55:33,981: DEBUG/MainProcess] pidbox received method scheduled() [reply_to:{'exchange': 'reply.celery.pidbox', 'routing_key': 'a81613c9-d6ad-3b74-88a3-0d3ac875e6fd'} ticket:8f15a601-ab58-47b4-9cb8-cb68723db3ec]
[2019-03-19 13:55:34,977: DEBUG/MainProcess] pidbox received method active() [reply_to:{'exchange': 'reply.celery.pidbox', 'routing_key': '296b78b8-bcb8-32b1-9aca-de5abdf94b9c'} ticket:29b684ed-c62d-4425-98f3-6c95554504bd]
[2019-03-19 13:55:35,008: DEBUG/MainProcess] pidbox received method reserved() [reply_to:{'exchange': 'reply.celery.pidbox', 'routing_key': 'a4146202-a9dc-32fe-95e6-c12f222694ef'} ticket:a903ab14-ff12-4254-8a95-7654bde18261]
[2019-03-19 13:55:35,027: DEBUG/MainProcess] pidbox received method conf(with_defaults=False) [reply_to:{'exchange': 'reply.celery.pidbox', 'routing_key': 'a81613c9-d6ad-3b74-88a3-0d3ac875e6fd'} ticket:e2338448-013b-418b-af6d-1b9cc59769b8]
[2019-03-19 13:55:35,310: DEBUG/MainProcess] pidbox received method revoked() [reply_to:{'exchange': 'reply.celery.pidbox', 'routing_key': 'aed6642d-575d-316e-a6f9-da35325592f5'} ticket:7786e2fb-ced1-4343-979a-d6be5d2b55d2]
[2019-03-19 13:55:38,519: DEBUG/MainProcess] pidbox received method enable_events() [reply_to:None ticket:None]
[2019-03-19 13:55:38,519: INFO/MainProcess] Events of group {task} enabled by remote.
[2019-03-19 13:55:39,884: DEBUG/MainProcess] pidbox received method scheduled() [reply_to:{'exchange': 'reply.celery.pidbox', 'routing_key': 'aed6642d-575d-316e-a6f9-da35325592f5'} ticket:efb03cc9-020e-498f-ba77-ce14ca3d64d3]
[2019-03-19 13:55:39,896: DEBUG/MainProcess] pidbox received method active_queues() [reply_to:{'exchange': 'reply.celery.pidbox', 'routing_key': 'a81613c9-d6ad-3b74-88a3-0d3ac875e6fd'} ticket:c806f27a-66de-49e5-8136-6012236be427]
[2019-03-19 13:55:40,031: DEBUG/MainProcess] pidbox received method stats() [reply_to:{'exchange': 'reply.celery.pidbox', 'routing_key': '296b78b8-bcb8-32b1-9aca-de5abdf94b9c'} ticket:730c3052-efaf-45a4-b92c-4a00099ebd2f]
[2019-03-19 13:55:40,060: DEBUG/MainProcess] pidbox received method registered(taskinfoitems=[]) [reply_to:{'exchange': 'reply.celery.pidbox', 'routing_key': 'a4146202-a9dc-32fe-95e6-c12f222694ef'} ticket:7df1c833-cd8b-4701-bc3b-2020ad9f81dc]
[2019-03-19 13:55:40,125: DEBUG/MainProcess] pidbox received method active() [reply_to:{'exchange': 'reply.celery.pidbox', 'routing_key': 'a81613c9-d6ad-3b74-88a3-0d3ac875e6fd'} ticket:653480d4-d8b4-43f3-aa31-ef805f3210be]
[2019-03-19 13:55:40,149: DEBUG/MainProcess] pidbox received method reserved() [reply_to:{'exchange': 'reply.celery.pidbox', 'routing_key': 'aed6642d-575d-316e-a6f9-da35325592f5'} ticket:5f2ad5d0-e994-4bd7-888a-0fd414b0573b]
[2019-03-19 13:55:40,153: DEBUG/MainProcess] pidbox received method revoked() [reply_to:{'exchange': 'reply.celery.pidbox', 'routing_key': '296b78b8-bcb8-32b1-9aca-de5abdf94b9c'} ticket:15ce0290-7ee1-40f2-b8bc-3189ffb59f59]
[2019-03-19 13:55:40,162: DEBUG/MainProcess] pidbox received method conf(with_defaults=False) [reply_to:{'exchange': 'reply.celery.pidbox', 'routing_key': 'a4146202-a9dc-32fe-95e6-c12f222694ef'} ticket:c1f6d1d9-f73e-4b78-92c8-07ce9e842c59]
[2019-03-19 13:55:43,516: DEBUG/MainProcess] pidbox received method enable_events() [reply_to:None ticket:None]
[2019-03-19 13:55:48,520: DEBUG/MainProcess] pidbox received method enable_events() [reply_to:None ticket:None]
[2019-03-19 13:55:53,516: DEBUG/MainProcess] pidbox received method enable_events() [reply_to:None ticket:None]
[2019-03-19 13:55:58,521: DEBUG/MainProcess] pidbox received method enable_events() [reply_to:None ticket:None]
[2019-03-19 13:56:03,516: DEBUG/MainProcess] pidbox received method enable_events() [reply_to:None ticket:None]
[2019-03-19 13:56:08,519: DEBUG/MainProcess] pidbox received method enable_events() [reply_to:None ticket:None]
[2019-03-19 13:56:13,516: DEBUG/MainProcess] pidbox received method enable_events() [reply_to:None ticket:None]
[2019-03-19 13:56:18,519: DEBUG/MainProcess] pidbox received method enable_events() [reply_to:None ticket:None]
[2019-03-19 13:56:23,517: DEBUG/MainProcess] pidbox received method enable_events() [reply_to:None ticket:None]
[2019-03-19 13:56:28,521: DEBUG/MainProcess] pidbox received method enable_events() [reply_to:None ticket:None]
[2019-03-19 13:56:33,517: DEBUG/MainProcess] pidbox received method enable_events() [reply_to:None ticket:None]
[2019-03-19 13:56:38,519: DEBUG/MainProcess] pidbox received method enable_events() [reply_to:None ticket:None]
[2019-03-19 13:56:43,518: DEBUG/MainProcess] pidbox received method enable_events() [reply_to:None ticket:None]
[2019-03-19 13:56:48,521: DEBUG/MainProcess] pidbox received method enable_events() [reply_to:None ticket:None]
[2019-03-19 13:56:53,516: DEBUG/MainProcess] pidbox received method enable_events() [reply_to:None ticket:None]
[2019-03-19 13:56:58,520: DEBUG/MainProcess] pidbox received method enable_events() [reply_to:None ticket:None]
[2019-03-19 13:57:03,516: DEBUG/MainProcess] pidbox received method enable_events() [reply_to:None ticket:None]
[2019-03-19 13:57:08,524: DEBUG/MainProcess] pidbox received method enable_events() [reply_to:None ticket:None]
[2019-03-19 13:57:13,518: DEBUG/MainProcess] pidbox received method enable_events() [reply_to:None ticket:None]
[2019-03-19 13:57:18,516: DEBUG/MainProcess] pidbox received method enable_events() [reply_to:None ticket:None]
[2019-03-19 13:57:23,516: DEBUG/MainProcess] pidbox received method enable_events() [reply_to:None ticket:None]
[2019-03-19 13:57:28,516: DEBUG/MainProcess] pidbox received method enable_events() [reply_to:None ticket:None]
[2019-03-19 13:57:33,516: DEBUG/MainProcess] pidbox received method enable_events() [reply_to:None ticket:None]
[2019-03-19 13:57:38,518: DEBUG/MainProcess] pidbox received method enable_events() [reply_to:None ticket:None]
[2019-03-19 13:57:43,519: DEBUG/MainProcess] pidbox received method enable_events() [reply_to:None ticket:None]
[2019-03-19 13:57:48,517: DEBUG/MainProcess] pidbox received method enable_events() [reply_to:None ticket:None]
[2019-03-19 13:57:53,516: DEBUG/MainProcess] pidbox received method enable_events() [reply_to:None ticket:None]
[2019-03-19 13:57:58,516: DEBUG/MainProcess] pidbox received method enable_events() [reply_to:None ticket:None]
[2019-03-19 13:58:03,517: DEBUG/MainProcess] pidbox received method enable_events() [reply_to:None ticket:None]
[2019-03-19 13:58:08,516: DEBUG/MainProcess] pidbox received method enable_events() [reply_to:None ticket:None]
[2019-03-19 13:58:13,520: DEBUG/MainProcess] pidbox received method enable_events() [reply_to:None ticket:None]
[2019-03-19 13:58:18,517: DEBUG/MainProcess] pidbox received method enable_events() [reply_to:None ticket:None]
[2019-03-19 13:58:23,516: DEBUG/MainProcess] pidbox received method enable_events() [reply_to:None ticket:None]
[2019-03-19 13:58:28,516: DEBUG/MainProcess] pidbox received method enable_events() [reply_to:None ticket:None]
[2019-03-19 13:58:33,517: DEBUG/MainProcess] pidbox received method enable_events() [reply_to:None ticket:None]
[2019-03-19 13:58:38,518: DEBUG/MainProcess] pidbox received method enable_events() [reply_to:None ticket:None]
[2019-03-19 13:58:43,527: DEBUG/MainProcess] pidbox received method enable_events() [reply_to:None ticket:None]
[2019-03-19 13:58:48,516: DEBUG/MainProcess] pidbox received method enable_events() [reply_to:None ticket:None]
[2019-03-19 13:58:53,519: DEBUG/MainProcess] pidbox received method enable_events() [reply_to:None ticket:None]
[2019-03-19 13:58:58,517: DEBUG/MainProcess] pidbox received method enable_events() [reply_to:None ticket:None]
[2019-03-19 13:59:03,516: DEBUG/MainProcess] pidbox received method enable_events() [reply_to:None ticket:None]
[2019-03-19 13:59:08,517: DEBUG/MainProcess] pidbox received method enable_events() [reply_to:None ticket:None]
[2019-03-19 13:59:13,517: DEBUG/MainProcess] pidbox received method enable_events() [reply_to:None ticket:None]
[2019-03-19 13:59:18,516: DEBUG/MainProcess] pidbox received method enable_events() [reply_to:None ticket:None]
[2019-03-19 13:59:23,516: DEBUG/MainProcess] pidbox received method enable_events() [reply_to:None ticket:None]
[2019-03-19 13:59:28,517: DEBUG/MainProcess] pidbox received method enable_events() [reply_to:None ticket:None]
[2019-03-19 13:59:33,516: DEBUG/MainProcess] pidbox received method enable_events() [reply_to:None ticket:None]
[2019-03-19 13:59:38,519: DEBUG/MainProcess] pidbox received method enable_events() [reply_to:None ticket:None]
[2019-03-19 13:59:43,516: DEBUG/MainProcess] pidbox received method enable_events() [reply_to:None ticket:None]
[2019-03-19 13:59:48,518: DEBUG/MainProcess] pidbox received method enable_events() [reply_to:None ticket:None]
[2019-03-19 13:59:53,519: DEBUG/MainProcess] pidbox received method enable_events() [reply_to:None ticket:None]
[2019-03-19 13:59:58,518: DEBUG/MainProcess] pidbox received method enable_events() [reply_to:None ticket:None]
[2019-03-19 14:00:03,518: DEBUG/MainProcess] pidbox received method enable_events() [reply_to:None ticket:None]
[2019-03-19 14:00:08,516: DEBUG/MainProcess] pidbox received method enable_events() [reply_to:None ticket:None]
[2019-03-19 14:00:13,516: DEBUG/MainProcess] pidbox received method enable_events() [reply_to:None ticket:None]
[2019-03-19 14:00:18,517: DEBUG/MainProcess] pidbox received method enable_events() [reply_to:None ticket:None]
[2019-03-19 14:00:23,520: DEBUG/MainProcess] pidbox received method enable_events() [reply_to:None ticket:None]
[2019-03-19 14:00:28,517: DEBUG/MainProcess] pidbox received method enable_events() [reply_to:None ticket:None]
[2019-03-19 14:00:33,517: DEBUG/MainProcess] pidbox received method enable_events() [reply_to:None ticket:None]
[2019-03-19 14:00:38,516: DEBUG/MainProcess] pidbox received method enable_events() [reply_to:None ticket:None]
[2019-03-19 14:00:43,518: DEBUG/MainProcess] pidbox received method enable_events() [reply_to:None ticket:None]
[2019-03-19 14:00:48,516: DEBUG/MainProcess] pidbox received method enable_events() [reply_to:None ticket:None]
[2019-03-19 14:00:53,520: DEBUG/MainProcess] pidbox received method enable_events() [reply_to:None ticket:None]
[2019-03-19 14:00:58,517: DEBUG/MainProcess] pidbox received method enable_events() [reply_to:None ticket:None]
[2019-03-19 14:01:03,519: DEBUG/MainProcess] pidbox received method enable_events() [reply_to:None ticket:None]
[2019-03-19 14:01:08,516: DEBUG/MainProcess] pidbox received method enable_events() [reply_to:None ticket:None]
[2019-03-19 14:01:13,519: DEBUG/MainProcess] pidbox received method enable_events() [reply_to:None ticket:None]
[2019-03-19 14:01:18,516: DEBUG/MainProcess] pidbox received method enable_events() [reply_to:None ticket:None]
[2019-03-19 14:01:23,515: DEBUG/MainProcess] pidbox received method enable_events() [reply_to:None ticket:None]
[2019-03-19 14:01:28,517: DEBUG/MainProcess] pidbox received method enable_events() [reply_to:None ticket:None]
[2019-03-19 14:01:33,516: DEBUG/MainProcess] pidbox received method enable_events() [reply_to:None ticket:None]
[2019-03-19 14:01:38,518: DEBUG/MainProcess] pidbox received method enable_events() [reply_to:None ticket:None]
[2019-03-19 14:01:43,520: DEBUG/MainProcess] pidbox received method enable_events() [reply_to:None ticket:None]
[2019-03-19 14:01:48,516: DEBUG/MainProcess] pidbox received method enable_events() [reply_to:None ticket:None]
[2019-03-19 14:01:53,520: DEBUG/MainProcess] pidbox received method enable_events() [reply_to:None ticket:None]
[2019-03-19 14:01:58,517: DEBUG/MainProcess] pidbox received method enable_events() [reply_to:None ticket:None]
[2019-03-19 14:02:03,518: DEBUG/MainProcess] pidbox received method enable_events() [reply_to:None ticket:None]
[2019-03-19 14:02:08,518: DEBUG/MainProcess] pidbox received method enable_events() [reply_to:None ticket:None]
[2019-03-19 14:02:13,518: DEBUG/MainProcess] pidbox received method enable_events() [reply_to:None ticket:None]
[2019-03-19 14:02:18,517: DEBUG/MainProcess] pidbox received method enable_events() [reply_to:None ticket:None]
[2019-03-19 14:02:23,518: DEBUG/MainProcess] pidbox received method enable_events() [reply_to:None ticket:None]
[2019-03-19 14:02:28,516: DEBUG/MainProcess] pidbox received method enable_events() [reply_to:None ticket:None]
[2019-03-19 14:02:33,522: DEBUG/MainProcess] pidbox received method enable_events() [reply_to:None ticket:None]
[2019-03-19 14:02:38,518: DEBUG/MainProcess] pidbox received method enable_events() [reply_to:None ticket:None]
[2019-03-19 14:02:43,518: DEBUG/MainProcess] pidbox received method enable_events() [reply_to:None ticket:None]
[2019-03-19 14:02:48,515: DEBUG/MainProcess] pidbox received method enable_events() [reply_to:None ticket:None]
[2019-03-19 14:02:53,517: DEBUG/MainProcess] pidbox received method enable_events() [reply_to:None ticket:None]
[2019-03-19 14:02:58,523: DEBUG/MainProcess] pidbox received method enable_events() [reply_to:None ticket:None]
[2019-03-19 14:03:03,517: DEBUG/MainProcess] pidbox received method enable_events() [reply_to:None ticket:None]
[2019-03-19 14:03:08,516: DEBUG/MainProcess] pidbox received method enable_events() [reply_to:None ticket:None]
[2019-03-19 14:03:13,519: DEBUG/MainProcess] pidbox received method enable_events() [reply_to:None ticket:None]
[2019-03-19 14:03:18,515: DEBUG/MainProcess] pidbox received method enable_events() [reply_to:None ticket:None]
[2019-03-19 14:03:23,519: DEBUG/MainProcess] pidbox received method enable_events() [reply_to:None ticket:None]
[2019-03-19 14:03:28,518: DEBUG/MainProcess] pidbox received method enable_events() [reply_to:None ticket:None]
[2019-03-19 14:03:33,518: DEBUG/MainProcess] pidbox received method enable_events() [reply_to:None ticket:None]
[2019-03-19 14:03:38,519: DEBUG/MainProcess] pidbox received method enable_events() [reply_to:None ticket:None]
[2019-03-19 14:03:43,521: DEBUG/MainProcess] pidbox received method enable_events() [reply_to:None ticket:None]
[2019-03-19 14:03:48,517: DEBUG/MainProcess] pidbox received method enable_events() [reply_to:None ticket:None]
[2019-03-19 14:03:53,516: DEBUG/MainProcess] pidbox received method enable_events() [reply_to:None ticket:None]
[2019-03-19 14:03:58,520: DEBUG/MainProcess] pidbox received method enable_events() [reply_to:None ticket:None]
[2019-03-19 14:04:03,517: DEBUG/MainProcess] pidbox received method enable_events() [reply_to:None ticket:None]
[2019-03-19 14:04:08,519: DEBUG/MainProcess] pidbox received method enable_events() [reply_to:None ticket:None]
[2019-03-19 14:04:13,517: DEBUG/MainProcess] pidbox received method enable_events() [reply_to:None ticket:None]
[2019-03-19 14:04:18,518: DEBUG/MainProcess] pidbox received method enable_events() [reply_to:None ticket:None]
[2019-03-19 14:04:23,518: DEBUG/MainProcess] pidbox received method enable_events() [reply_to:None ticket:None]
[2019-03-19 14:04:28,352: DEBUG/MainProcess] | Worker: Closing Hub...
[2019-03-19 14:04:28,352: DEBUG/MainProcess] | Worker: Closing Pool...
[2019-03-19 14:04:28,352: DEBUG/MainProcess] | Worker: Closing Consumer...
[2019-03-19 14:04:28,352: DEBUG/MainProcess] | Worker: Stopping Consumer...
[2019-03-19 14:04:28,353: DEBUG/MainProcess] | Consumer: Closing Connection...
[2019-03-19 14:04:28,353: DEBUG/MainProcess] | Consumer: Closing Events...
[2019-03-19 14:04:28,353: DEBUG/MainProcess] | Consumer: Closing Heart...
[2019-03-19 14:04:28,353: DEBUG/MainProcess] | Consumer: Closing Mingle...
[2019-03-19 14:04:28,353: DEBUG/MainProcess] | Consumer: Closing Gossip...
[2019-03-19 14:04:28,353: DEBUG/MainProcess] | Consumer: Closing Tasks...
[2019-03-19 14:04:28,353: DEBUG/MainProcess] | Consumer: Closing Control...
[2019-03-19 14:04:28,353: DEBUG/MainProcess] | Consumer: Closing event loop...
[2019-03-19 14:04:28,354: DEBUG/MainProcess] | Consumer: Stopping event loop...
[2019-03-19 14:04:28,354: DEBUG/MainProcess] | Consumer: Stopping Control...
[2019-03-19 14:04:28,366: DEBUG/MainProcess] | Consumer: Stopping Tasks...
[2019-03-19 14:04:28,367: DEBUG/MainProcess] Canceling task consumer...
[2019-03-19 14:04:28,367: DEBUG/MainProcess] | Consumer: Stopping Gossip...
[2019-03-19 14:04:28,390: DEBUG/MainProcess] | Consumer: Stopping Mingle...
[2019-03-19 14:04:28,390: DEBUG/MainProcess] | Consumer: Stopping Heart...
[2019-03-19 14:04:28,412: DEBUG/MainProcess] | Consumer: Stopping Events...
[2019-03-19 14:04:28,412: DEBUG/MainProcess] | Consumer: Stopping Connection...
[2019-03-19 14:04:28,412: DEBUG/MainProcess] | Worker: Stopping Pool...
[2019-03-19 14:04:29,418: DEBUG/MainProcess] | Worker: Stopping Hub...
[2019-03-19 14:04:29,418: DEBUG/MainProcess] | Consumer: Shutdown Control...
[2019-03-19 14:04:29,418: DEBUG/MainProcess] | Consumer: Shutdown Tasks...
[2019-03-19 14:04:29,418: DEBUG/MainProcess] Canceling task consumer...
[2019-03-19 14:04:29,418: DEBUG/MainProcess] Closing consumer channel...
[2019-03-19 14:04:29,419: DEBUG/MainProcess] | Consumer: Shutdown Gossip...
[2019-03-19 14:04:29,419: DEBUG/MainProcess] | Consumer: Shutdown Heart...
[2019-03-19 14:04:29,419: DEBUG/MainProcess] | Consumer: Shutdown Events...
[2019-03-19 14:04:29,419: DEBUG/MainProcess] | Consumer: Shutdown Connection...
[2019-03-19 14:04:29,436: DEBUG/MainProcess] removing tasks from inqueue until task handler finished
[2019-03-19 14:04:56,869: DEBUG/MainProcess] | Worker: Preparing bootsteps.
[2019-03-19 14:04:56,871: DEBUG/MainProcess] | Worker: Building graph...
[2019-03-19 14:04:56,872: DEBUG/MainProcess] | Worker: New boot order: {Timer, Hub, Pool, Autoscaler, Beat, StateDB, Consumer}
[2019-03-19 14:04:56,923: DEBUG/MainProcess] | Consumer: Preparing bootsteps.
[2019-03-19 14:04:56,924: DEBUG/MainProcess] | Consumer: Building graph...
[2019-03-19 14:04:57,053: DEBUG/MainProcess] | Consumer: New boot order: {Connection, Events, Mingle, Gossip, Agent, Tasks, Control, Heart, event loop}
[2019-03-19 14:04:57,097: DEBUG/MainProcess] | Worker: Starting Hub
[2019-03-19 14:04:57,097: DEBUG/MainProcess] ^-- substep ok
[2019-03-19 14:04:57,097: DEBUG/MainProcess] | Worker: Starting Pool
[2019-03-19 14:04:57,164: DEBUG/MainProcess] ^-- substep ok
[2019-03-19 14:04:57,164: DEBUG/MainProcess] | Worker: Starting Consumer
[2019-03-19 14:04:57,165: DEBUG/MainProcess] | Consumer: Starting Connection
[2019-03-19 14:04:57,218: INFO/MainProcess] Connected to redis://localhost:6379/0
[2019-03-19 14:04:57,218: DEBUG/MainProcess] ^-- substep ok
[2019-03-19 14:04:57,219: DEBUG/MainProcess] | Consumer: Starting Events
[2019-03-19 14:04:57,257: DEBUG/MainProcess] ^-- substep ok
[2019-03-19 14:04:57,257: DEBUG/MainProcess] | Consumer: Starting Mingle
[2019-03-19 14:04:57,257: INFO/MainProcess] mingle: searching for neighbors
[2019-03-19 14:04:58,390: INFO/MainProcess] mingle: sync with 4 nodes
[2019-03-19 14:04:58,392: DEBUG/MainProcess] mingle: processing reply from celery2@eva01
[2019-03-19 14:04:58,392: DEBUG/MainProcess] mingle: processing reply from celery1@eva01
[2019-03-19 14:04:58,393: DEBUG/MainProcess] mingle: processing reply from celery3@eva01
[2019-03-19 14:04:58,393: DEBUG/MainProcess] mingle: processing reply from celery4@eva01
[2019-03-19 14:04:58,393: INFO/MainProcess] mingle: sync complete
[2019-03-19 14:04:58,393: DEBUG/MainProcess] ^-- substep ok
[2019-03-19 14:04:58,393: DEBUG/MainProcess] | Consumer: Starting Gossip
[2019-03-19 14:04:58,437: DEBUG/MainProcess] ^-- substep ok
[2019-03-19 14:04:58,437: DEBUG/MainProcess] | Consumer: Starting Tasks
[2019-03-19 14:04:58,558: DEBUG/MainProcess] ^-- substep ok
[2019-03-19 14:04:58,559: DEBUG/MainProcess] | Consumer: Starting Control
[2019-03-19 14:04:58,589: DEBUG/MainProcess] ^-- substep ok
[2019-03-19 14:04:58,589: DEBUG/MainProcess] | Consumer: Starting Heart
[2019-03-19 14:04:58,626: DEBUG/MainProcess] ^-- substep ok
[2019-03-19 14:04:58,626: DEBUG/MainProcess] | Consumer: Starting event loop
[2019-03-19 14:04:58,626: DEBUG/MainProcess] | Worker: Hub.register Pool...
[2019-03-19 14:04:58,629: WARNING/MainProcess] /home/adminko/GRAMMER/venv/lib/python3.6/site-packages/celery/fixups/django.py:200: UserWarning: Using settings.DEBUG leads to a memory leak, never use this setting in production environments!
  warnings.warn('Using settings.DEBUG leads to a memory leak, never '
[2019-03-19 14:04:58,630: INFO/MainProcess] celery5@eva01 ready.
[2019-03-19 14:04:58,638: DEBUG/MainProcess] basic.qos: prefetch_count->4
[2019-03-19 14:04:59,220: DEBUG/MainProcess] celery3@eva01 joined the party
[2019-03-19 14:04:59,333: DEBUG/MainProcess] celery4@eva01 joined the party
[2019-03-19 14:04:59,382: DEBUG/MainProcess] celery1@eva01 joined the party
[2019-03-19 14:05:00,581: DEBUG/MainProcess] celery2@eva01 joined the party
[2019-03-19 14:05:03,515: DEBUG/MainProcess] pidbox received method enable_events() [reply_to:None ticket:None]
[2019-03-19 14:05:03,516: INFO/MainProcess] Events of group {task} enabled by remote.
[2019-03-19 14:05:08,518: DEBUG/MainProcess] pidbox received method enable_events() [reply_to:None ticket:None]
[2019-03-19 14:05:13,516: DEBUG/MainProcess] pidbox received method enable_events() [reply_to:None ticket:None]
[2019-03-19 14:05:18,520: DEBUG/MainProcess] pidbox received method enable_events() [reply_to:None ticket:None]
[2019-03-19 14:05:23,518: DEBUG/MainProcess] pidbox received method enable_events() [reply_to:None ticket:None]
[2019-03-19 14:05:28,515: DEBUG/MainProcess] pidbox received method enable_events() [reply_to:None ticket:None]
[2019-03-19 14:05:31,723: DEBUG/MainProcess] celery4@eva01 left
[2019-03-19 14:05:31,729: DEBUG/MainProcess] | Worker: Closing Hub...
[2019-03-19 14:05:31,730: DEBUG/MainProcess] | Worker: Closing Pool...
[2019-03-19 14:05:31,730: DEBUG/MainProcess] | Worker: Closing Consumer...
[2019-03-19 14:05:31,730: DEBUG/MainProcess] | Worker: Stopping Consumer...
[2019-03-19 14:05:31,730: DEBUG/MainProcess] | Consumer: Closing Connection...
[2019-03-19 14:05:31,730: DEBUG/MainProcess] | Consumer: Closing Events...
[2019-03-19 14:05:31,730: DEBUG/MainProcess] | Consumer: Closing Mingle...
[2019-03-19 14:05:31,731: DEBUG/MainProcess] | Consumer: Closing Gossip...
[2019-03-19 14:05:31,731: DEBUG/MainProcess] | Consumer: Closing Tasks...
[2019-03-19 14:05:31,731: DEBUG/MainProcess] | Consumer: Closing Control...
[2019-03-19 14:05:31,731: DEBUG/MainProcess] | Consumer: Closing Heart...
[2019-03-19 14:05:31,731: DEBUG/MainProcess] | Consumer: Closing event loop...
[2019-03-19 14:05:31,731: DEBUG/MainProcess] | Consumer: Stopping event loop...
[2019-03-19 14:05:31,731: DEBUG/MainProcess] | Consumer: Stopping Heart...
[2019-03-19 14:05:31,741: DEBUG/MainProcess] | Consumer: Stopping Control...
[2019-03-19 14:05:31,761: DEBUG/MainProcess] | Consumer: Stopping Tasks...
[2019-03-19 14:05:31,761: DEBUG/MainProcess] Canceling task consumer...
[2019-03-19 14:05:31,761: DEBUG/MainProcess] | Consumer: Stopping Gossip...
[2019-03-19 14:05:31,775: DEBUG/MainProcess] | Consumer: Stopping Mingle...
[2019-03-19 14:05:31,775: DEBUG/MainProcess] | Consumer: Stopping Events...
[2019-03-19 14:05:31,775: DEBUG/MainProcess] | Consumer: Stopping Connection...
[2019-03-19 14:05:31,775: DEBUG/MainProcess] | Worker: Stopping Pool...
[2019-03-19 14:05:32,781: DEBUG/MainProcess] | Worker: Stopping Hub...
[2019-03-19 14:05:32,782: DEBUG/MainProcess] | Consumer: Shutdown Heart...
[2019-03-19 14:05:32,782: DEBUG/MainProcess] | Consumer: Shutdown Control...
[2019-03-19 14:05:32,782: DEBUG/MainProcess] | Consumer: Shutdown Tasks...
[2019-03-19 14:05:32,782: DEBUG/MainProcess] Canceling task consumer...
[2019-03-19 14:05:32,782: DEBUG/MainProcess] Closing consumer channel...
[2019-03-19 14:05:32,783: DEBUG/MainProcess] | Consumer: Shutdown Gossip...
[2019-03-19 14:05:32,783: DEBUG/MainProcess] | Consumer: Shutdown Events...
[2019-03-19 14:05:32,783: DEBUG/MainProcess] | Consumer: Shutdown Connection...
[2019-03-19 14:05:32,812: DEBUG/MainProcess] removing tasks from inqueue until task handler finished
[2019-03-19 14:06:28,798: DEBUG/MainProcess] | Worker: Preparing bootsteps.
[2019-03-19 14:06:28,810: DEBUG/MainProcess] | Worker: Building graph...
[2019-03-19 14:06:28,811: DEBUG/MainProcess] | Worker: New boot order: {StateDB, Beat, Timer, Hub, Pool, Autoscaler, Consumer}
[2019-03-19 14:06:28,861: DEBUG/MainProcess] | Consumer: Preparing bootsteps.
[2019-03-19 14:06:28,862: DEBUG/MainProcess] | Consumer: Building graph...
[2019-03-19 14:06:28,932: DEBUG/MainProcess] | Consumer: New boot order: {Connection, Events, Heart, Mingle, Tasks, Control, Gossip, Agent, event loop}
[2019-03-19 14:06:28,976: DEBUG/MainProcess] | Worker: Starting Hub
[2019-03-19 14:06:28,976: DEBUG/MainProcess] ^-- substep ok
[2019-03-19 14:06:28,976: DEBUG/MainProcess] | Worker: Starting Pool
[2019-03-19 14:06:29,034: DEBUG/MainProcess] ^-- substep ok
[2019-03-19 14:06:29,035: DEBUG/MainProcess] | Worker: Starting Consumer
[2019-03-19 14:06:29,036: DEBUG/MainProcess] | Consumer: Starting Connection
[2019-03-19 14:06:29,083: INFO/MainProcess] Connected to redis://localhost:6379/0
[2019-03-19 14:06:29,083: DEBUG/MainProcess] ^-- substep ok
[2019-03-19 14:06:29,083: DEBUG/MainProcess] | Consumer: Starting Events
[2019-03-19 14:06:29,118: DEBUG/MainProcess] ^-- substep ok
[2019-03-19 14:06:29,119: DEBUG/MainProcess] | Consumer: Starting Heart
[2019-03-19 14:06:29,126: DEBUG/MainProcess] ^-- substep ok
[2019-03-19 14:06:29,126: DEBUG/MainProcess] | Consumer: Starting Mingle
[2019-03-19 14:06:29,127: INFO/MainProcess] mingle: searching for neighbors
[2019-03-19 14:06:30,207: INFO/MainProcess] mingle: sync with 4 nodes
[2019-03-19 14:06:30,209: DEBUG/MainProcess] mingle: processing reply from celery3@eva01
[2019-03-19 14:06:30,209: DEBUG/MainProcess] mingle: processing reply from celery2@eva01
[2019-03-19 14:06:30,209: DEBUG/MainProcess] mingle: processing reply from celery4@eva01
[2019-03-19 14:06:30,209: DEBUG/MainProcess] mingle: processing reply from celery1@eva01
[2019-03-19 14:06:30,209: INFO/MainProcess] mingle: sync complete
[2019-03-19 14:06:30,210: DEBUG/MainProcess] ^-- substep ok
[2019-03-19 14:06:30,210: DEBUG/MainProcess] | Consumer: Starting Tasks
[2019-03-19 14:06:30,221: DEBUG/MainProcess] ^-- substep ok
[2019-03-19 14:06:30,221: DEBUG/MainProcess] | Consumer: Starting Control
[2019-03-19 14:06:30,224: DEBUG/MainProcess] ^-- substep ok
[2019-03-19 14:06:30,224: DEBUG/MainProcess] | Consumer: Starting Gossip
[2019-03-19 14:06:30,227: DEBUG/MainProcess] ^-- substep ok
[2019-03-19 14:06:30,228: DEBUG/MainProcess] | Consumer: Starting event loop
[2019-03-19 14:06:30,228: DEBUG/MainProcess] | Worker: Hub.register Pool...
[2019-03-19 14:06:30,235: WARNING/MainProcess] /home/adminko/GRAMMER/venv/lib/python3.6/site-packages/celery/fixups/django.py:200: UserWarning: Using settings.DEBUG leads to a memory leak, never use this setting in production environments!
  warnings.warn('Using settings.DEBUG leads to a memory leak, never '
[2019-03-19 14:06:30,235: INFO/MainProcess] celery5@eva01 ready.
[2019-03-19 14:06:30,235: DEBUG/MainProcess] basic.qos: prefetch_count->4
[2019-03-19 14:06:30,243: DEBUG/MainProcess] celery3@eva01 joined the party
[2019-03-19 14:06:30,416: DEBUG/MainProcess] celery1@eva01 joined the party
[2019-03-19 14:06:31,474: DEBUG/MainProcess] celery4@eva01 joined the party
[2019-03-19 14:06:31,789: DEBUG/MainProcess] celery2@eva01 joined the party
[2019-03-19 14:06:33,521: DEBUG/MainProcess] pidbox received method enable_events() [reply_to:None ticket:None]
[2019-03-19 14:06:33,521: INFO/MainProcess] Events of group {task} enabled by remote.
[2019-03-19 14:06:38,516: DEBUG/MainProcess] pidbox received method enable_events() [reply_to:None ticket:None]
[2019-03-19 14:06:43,518: DEBUG/MainProcess] pidbox received method enable_events() [reply_to:None ticket:None]
[2019-03-19 14:06:48,516: DEBUG/MainProcess] pidbox received method enable_events() [reply_to:None ticket:None]
[2019-03-19 14:06:53,518: DEBUG/MainProcess] pidbox received method enable_events() [reply_to:None ticket:None]
[2019-03-19 14:06:58,517: DEBUG/MainProcess] pidbox received method enable_events() [reply_to:None ticket:None]
[2019-03-19 14:07:03,516: DEBUG/MainProcess] pidbox received method enable_events() [reply_to:None ticket:None]
[2019-03-19 14:07:08,517: DEBUG/MainProcess] pidbox received method enable_events() [reply_to:None ticket:None]
[2019-03-19 14:07:08,594: DEBUG/MainProcess] | Worker: Closing Hub...
[2019-03-19 14:07:08,594: DEBUG/MainProcess] | Worker: Closing Pool...
[2019-03-19 14:07:08,594: DEBUG/MainProcess] | Worker: Closing Consumer...
[2019-03-19 14:07:08,594: DEBUG/MainProcess] | Worker: Stopping Consumer...
[2019-03-19 14:07:08,595: DEBUG/MainProcess] | Consumer: Closing Connection...
[2019-03-19 14:07:08,595: DEBUG/MainProcess] | Consumer: Closing Events...
[2019-03-19 14:07:08,595: DEBUG/MainProcess] | Consumer: Closing Heart...
[2019-03-19 14:07:08,595: DEBUG/MainProcess] | Consumer: Closing Mingle...
[2019-03-19 14:07:08,595: DEBUG/MainProcess] | Consumer: Closing Tasks...
[2019-03-19 14:07:08,595: DEBUG/MainProcess] | Consumer: Closing Control...
[2019-03-19 14:07:08,596: DEBUG/MainProcess] | Consumer: Closing Gossip...
[2019-03-19 14:07:08,596: DEBUG/MainProcess] | Consumer: Closing event loop...
[2019-03-19 14:07:08,596: DEBUG/MainProcess] | Consumer: Stopping event loop...
[2019-03-19 14:07:08,596: DEBUG/MainProcess] | Consumer: Stopping Gossip...
[2019-03-19 14:07:08,612: DEBUG/MainProcess] | Consumer: Stopping Control...
[2019-03-19 14:07:08,625: DEBUG/MainProcess] | Consumer: Stopping Tasks...
[2019-03-19 14:07:08,626: DEBUG/MainProcess] Canceling task consumer...
[2019-03-19 14:07:08,626: DEBUG/MainProcess] | Consumer: Stopping Mingle...
[2019-03-19 14:07:08,631: DEBUG/MainProcess] | Consumer: Stopping Heart...
[2019-03-19 14:07:08,640: DEBUG/MainProcess] | Consumer: Stopping Events...
[2019-03-19 14:07:08,640: DEBUG/MainProcess] | Consumer: Stopping Connection...
[2019-03-19 14:07:08,641: DEBUG/MainProcess] | Worker: Stopping Pool...
[2019-03-19 14:07:09,668: DEBUG/MainProcess] | Worker: Stopping Hub...
[2019-03-19 14:07:09,668: DEBUG/MainProcess] | Consumer: Shutdown Gossip...
[2019-03-19 14:07:09,668: DEBUG/MainProcess] | Consumer: Shutdown Control...
[2019-03-19 14:07:09,668: DEBUG/MainProcess] | Consumer: Shutdown Tasks...
[2019-03-19 14:07:09,668: DEBUG/MainProcess] Canceling task consumer...
[2019-03-19 14:07:09,669: DEBUG/MainProcess] Closing consumer channel...
[2019-03-19 14:07:09,669: DEBUG/MainProcess] | Consumer: Shutdown Heart...
[2019-03-19 14:07:09,669: DEBUG/MainProcess] | Consumer: Shutdown Events...
[2019-03-19 14:07:09,669: DEBUG/MainProcess] | Consumer: Shutdown Connection...
[2019-03-19 14:07:09,671: DEBUG/MainProcess] removing tasks from inqueue until task handler finished
[2019-03-19 14:16:20,638: DEBUG/MainProcess] | Worker: Preparing bootsteps.
[2019-03-19 14:16:20,641: DEBUG/MainProcess] | Worker: Building graph...
[2019-03-19 14:16:20,642: DEBUG/MainProcess] | Worker: New boot order: {Beat, StateDB, Timer, Hub, Pool, Autoscaler, Consumer}
[2019-03-19 14:16:20,708: DEBUG/MainProcess] | Consumer: Preparing bootsteps.
[2019-03-19 14:16:20,709: DEBUG/MainProcess] | Consumer: Building graph...
[2019-03-19 14:16:20,869: DEBUG/MainProcess] | Consumer: New boot order: {Connection, Events, Mingle, Gossip, Tasks, Control, Heart, Agent, event loop}
[2019-03-19 14:16:20,971: DEBUG/MainProcess] | Worker: Starting Hub
[2019-03-19 14:16:20,972: DEBUG/MainProcess] ^-- substep ok
[2019-03-19 14:16:20,972: DEBUG/MainProcess] | Worker: Starting Pool
[2019-03-19 14:16:21,112: DEBUG/MainProcess] ^-- substep ok
[2019-03-19 14:16:21,113: DEBUG/MainProcess] | Worker: Starting Consumer
[2019-03-19 14:16:21,118: DEBUG/MainProcess] | Consumer: Starting Connection
[2019-03-19 14:16:21,171: INFO/MainProcess] Connected to redis://localhost:6379/0
[2019-03-19 14:16:21,171: DEBUG/MainProcess] ^-- substep ok
[2019-03-19 14:16:21,171: DEBUG/MainProcess] | Consumer: Starting Events
[2019-03-19 14:16:21,209: DEBUG/MainProcess] ^-- substep ok
[2019-03-19 14:16:21,210: DEBUG/MainProcess] | Consumer: Starting Mingle
[2019-03-19 14:16:21,210: INFO/MainProcess] mingle: searching for neighbors
[2019-03-19 14:16:22,315: INFO/MainProcess] mingle: sync with 4 nodes
[2019-03-19 14:16:22,317: DEBUG/MainProcess] mingle: processing reply from celery3@eva01
[2019-03-19 14:16:22,318: DEBUG/MainProcess] mingle: processing reply from celery2@eva01
[2019-03-19 14:16:22,318: DEBUG/MainProcess] mingle: processing reply from celery1@eva01
[2019-03-19 14:16:22,318: DEBUG/MainProcess] mingle: processing reply from celery4@eva01
[2019-03-19 14:16:22,318: INFO/MainProcess] mingle: sync complete
[2019-03-19 14:16:22,318: DEBUG/MainProcess] ^-- substep ok
[2019-03-19 14:16:22,318: DEBUG/MainProcess] | Consumer: Starting Gossip
[2019-03-19 14:16:22,324: DEBUG/MainProcess] ^-- substep ok
[2019-03-19 14:16:22,325: DEBUG/MainProcess] | Consumer: Starting Tasks
[2019-03-19 14:16:22,337: DEBUG/MainProcess] ^-- substep ok
[2019-03-19 14:16:22,338: DEBUG/MainProcess] | Consumer: Starting Control
[2019-03-19 14:16:22,343: DEBUG/MainProcess] ^-- substep ok
[2019-03-19 14:16:22,343: DEBUG/MainProcess] | Consumer: Starting Heart
[2019-03-19 14:16:22,349: DEBUG/MainProcess] ^-- substep ok
[2019-03-19 14:16:22,349: DEBUG/MainProcess] | Consumer: Starting event loop
[2019-03-19 14:16:22,350: DEBUG/MainProcess] | Worker: Hub.register Pool...
[2019-03-19 14:16:22,351: WARNING/MainProcess] /home/adminko/GRAMMER/venv/lib/python3.6/site-packages/celery/fixups/django.py:200: UserWarning: Using settings.DEBUG leads to a memory leak, never use this setting in production environments!
  warnings.warn('Using settings.DEBUG leads to a memory leak, never '
[2019-03-19 14:16:22,352: INFO/MainProcess] celery5@eva01 ready.
[2019-03-19 14:16:22,352: DEBUG/MainProcess] basic.qos: prefetch_count->4
[2019-03-19 14:16:22,766: DEBUG/MainProcess] celery3@eva01 joined the party
[2019-03-19 14:16:23,032: DEBUG/MainProcess] celery4@eva01 joined the party
[2019-03-19 14:16:23,516: DEBUG/MainProcess] pidbox received method enable_events() [reply_to:None ticket:None]
[2019-03-19 14:16:23,516: INFO/MainProcess] Events of group {task} enabled by remote.
[2019-03-19 14:16:23,704: DEBUG/MainProcess] celery2@eva01 joined the party
[2019-03-19 14:16:24,251: DEBUG/MainProcess] celery1@eva01 joined the party
[2019-03-19 14:16:28,523: DEBUG/MainProcess] pidbox received method enable_events() [reply_to:None ticket:None]
[2019-03-19 14:16:33,516: DEBUG/MainProcess] pidbox received method enable_events() [reply_to:None ticket:None]
[2019-03-19 14:16:38,517: DEBUG/MainProcess] pidbox received method enable_events() [reply_to:None ticket:None]
[2019-03-19 14:16:43,520: DEBUG/MainProcess] pidbox received method enable_events() [reply_to:None ticket:None]
[2019-03-19 14:16:48,519: DEBUG/MainProcess] pidbox received method enable_events() [reply_to:None ticket:None]
[2019-03-19 14:16:53,517: DEBUG/MainProcess] pidbox received method enable_events() [reply_to:None ticket:None]
[2019-03-19 14:16:58,525: DEBUG/MainProcess] pidbox received method enable_events() [reply_to:None ticket:None]
[2019-03-19 14:16:58,844: DEBUG/MainProcess] | Worker: Closing Hub...
[2019-03-19 14:16:58,844: DEBUG/MainProcess] | Worker: Closing Pool...
[2019-03-19 14:16:58,845: DEBUG/MainProcess] | Worker: Closing Consumer...
[2019-03-19 14:16:58,845: DEBUG/MainProcess] | Worker: Stopping Consumer...
[2019-03-19 14:16:58,845: DEBUG/MainProcess] | Consumer: Closing Connection...
[2019-03-19 14:16:58,845: DEBUG/MainProcess] | Consumer: Closing Events...
[2019-03-19 14:16:58,845: DEBUG/MainProcess] | Consumer: Closing Mingle...
[2019-03-19 14:16:58,845: DEBUG/MainProcess] | Consumer: Closing Gossip...
[2019-03-19 14:16:58,846: DEBUG/MainProcess] | Consumer: Closing Tasks...
[2019-03-19 14:16:58,846: DEBUG/MainProcess] | Consumer: Closing Control...
[2019-03-19 14:16:58,846: DEBUG/MainProcess] | Consumer: Closing Heart...
[2019-03-19 14:16:58,846: DEBUG/MainProcess] | Consumer: Closing event loop...
[2019-03-19 14:16:58,846: DEBUG/MainProcess] | Consumer: Stopping event loop...
[2019-03-19 14:16:58,846: DEBUG/MainProcess] | Consumer: Stopping Heart...
[2019-03-19 14:16:58,852: DEBUG/MainProcess] | Consumer: Stopping Control...
[2019-03-19 14:16:58,875: DEBUG/MainProcess] | Consumer: Stopping Tasks...
[2019-03-19 14:16:58,876: DEBUG/MainProcess] Canceling task consumer...
[2019-03-19 14:16:58,876: DEBUG/MainProcess] | Consumer: Stopping Gossip...
[2019-03-19 14:16:58,895: DEBUG/MainProcess] | Consumer: Stopping Mingle...
[2019-03-19 14:16:58,895: DEBUG/MainProcess] | Consumer: Stopping Events...
[2019-03-19 14:16:58,895: DEBUG/MainProcess] | Consumer: Stopping Connection...
[2019-03-19 14:16:58,896: DEBUG/MainProcess] | Worker: Stopping Pool...
[2019-03-19 14:16:59,902: DEBUG/MainProcess] | Worker: Stopping Hub...
[2019-03-19 14:16:59,902: DEBUG/MainProcess] | Consumer: Shutdown Heart...
[2019-03-19 14:16:59,902: DEBUG/MainProcess] | Consumer: Shutdown Control...
[2019-03-19 14:16:59,903: DEBUG/MainProcess] | Consumer: Shutdown Tasks...
[2019-03-19 14:16:59,903: DEBUG/MainProcess] Canceling task consumer...
[2019-03-19 14:16:59,903: DEBUG/MainProcess] Closing consumer channel...
[2019-03-19 14:16:59,903: DEBUG/MainProcess] | Consumer: Shutdown Gossip...
[2019-03-19 14:16:59,904: DEBUG/MainProcess] | Consumer: Shutdown Events...
[2019-03-19 14:16:59,924: DEBUG/MainProcess] | Consumer: Shutdown Connection...
[2019-03-19 14:16:59,927: DEBUG/MainProcess] removing tasks from inqueue until task handler finished
