[2019-03-19 13:40:40,369: DEBUG/MainProcess] | Worker: Preparing bootsteps.
[2019-03-19 13:40:40,380: DEBUG/MainProcess] | Worker: Building graph...
[2019-03-19 13:40:40,383: DEBUG/MainProcess] | Worker: New boot order: {Beat, StateDB, Timer, Hub, Pool, Autoscaler, Consumer}
[2019-03-19 13:40:40,518: DEBUG/MainProcess] | Consumer: Preparing bootsteps.
[2019-03-19 13:40:40,519: DEBUG/MainProcess] | Consumer: Building graph...
[2019-03-19 13:40:40,745: DEBUG/MainProcess] | Consumer: New boot order: {Connection, Events, Mingle, Gossip, Heart, Agent, Tasks, Control, event loop}
[2019-03-19 13:40:40,924: DEBUG/MainProcess] | Worker: Starting Hub
[2019-03-19 13:40:40,925: DEBUG/MainProcess] ^-- substep ok
[2019-03-19 13:40:40,925: DEBUG/MainProcess] | Worker: Starting Pool
[2019-03-19 13:40:41,200: DEBUG/MainProcess] ^-- substep ok
[2019-03-19 13:40:41,200: DEBUG/MainProcess] | Worker: Starting Consumer
[2019-03-19 13:40:41,201: DEBUG/MainProcess] | Consumer: Starting Connection
[2019-03-19 13:40:41,359: INFO/MainProcess] Connected to redis://localhost:6379/0
[2019-03-19 13:40:41,359: DEBUG/MainProcess] ^-- substep ok
[2019-03-19 13:40:41,359: DEBUG/MainProcess] | Consumer: Starting Events
[2019-03-19 13:40:41,484: DEBUG/MainProcess] ^-- substep ok
[2019-03-19 13:40:41,484: DEBUG/MainProcess] | Consumer: Starting Mingle
[2019-03-19 13:40:41,484: INFO/MainProcess] mingle: searching for neighbors
[2019-03-19 13:40:42,887: INFO/MainProcess] mingle: sync with 2 nodes
[2019-03-19 13:40:42,890: DEBUG/MainProcess] mingle: processing reply from celery@worker.svc_add_follower
[2019-03-19 13:40:42,890: DEBUG/MainProcess] mingle: processing reply from celery1@eva01
[2019-03-19 13:40:42,904: INFO/MainProcess] mingle: sync complete
[2019-03-19 13:40:42,904: DEBUG/MainProcess] ^-- substep ok
[2019-03-19 13:40:42,904: DEBUG/MainProcess] | Consumer: Starting Gossip
[2019-03-19 13:40:42,914: DEBUG/MainProcess] ^-- substep ok
[2019-03-19 13:40:42,914: DEBUG/MainProcess] | Consumer: Starting Heart
[2019-03-19 13:40:42,921: DEBUG/MainProcess] ^-- substep ok
[2019-03-19 13:40:42,921: DEBUG/MainProcess] | Consumer: Starting Tasks
[2019-03-19 13:40:42,964: DEBUG/MainProcess] ^-- substep ok
[2019-03-19 13:40:42,964: DEBUG/MainProcess] | Consumer: Starting Control
[2019-03-19 13:40:42,975: DEBUG/MainProcess] ^-- substep ok
[2019-03-19 13:40:42,975: DEBUG/MainProcess] | Consumer: Starting event loop
[2019-03-19 13:40:42,975: DEBUG/MainProcess] | Worker: Hub.register Pool...
[2019-03-19 13:40:42,977: WARNING/MainProcess] /home/adminko/GRAMMER/venv/lib/python3.6/site-packages/celery/fixups/django.py:200: UserWarning: Using settings.DEBUG leads to a memory leak, never use this setting in production environments!
  warnings.warn('Using settings.DEBUG leads to a memory leak, never '
[2019-03-19 13:40:42,977: INFO/MainProcess] celery2@eva01 ready.
[2019-03-19 13:40:42,977: DEBUG/MainProcess] basic.qos: prefetch_count->4
[2019-03-19 13:40:43,760: DEBUG/MainProcess] celery1@eva01 joined the party
[2019-03-19 13:40:44,201: DEBUG/MainProcess] celery@worker.svc_add_follower joined the party
[2019-03-19 13:40:44,860: DEBUG/MainProcess] pidbox received method hello(from_node='celery3@eva01', revoked={}) [reply_to:{'exchange': 'reply.celery.pidbox', 'routing_key': 'dfc3ce22-53e0-3840-b98f-caf976649e97'} ticket:401c2070-d2b7-44d6-a619-e8d7ad864c0e]
[2019-03-19 13:40:44,860: INFO/MainProcess] sync with celery3@eva01
[2019-03-19 13:40:45,926: DEBUG/MainProcess] celery3@eva01 joined the party
[2019-03-19 13:40:46,922: DEBUG/MainProcess] pidbox received method hello(from_node='celery4@eva01', revoked={}) [reply_to:{'exchange': 'reply.celery.pidbox', 'routing_key': 'cab2503c-c6f1-3d12-9b4f-38b8d848b359'} ticket:dd697753-6bc5-4aaf-9969-c7e5ef55541b]
[2019-03-19 13:40:46,925: INFO/MainProcess] sync with celery4@eva01
[2019-03-19 13:40:47,682: DEBUG/MainProcess] pidbox received method enable_events() [reply_to:None ticket:None]
[2019-03-19 13:40:47,682: INFO/MainProcess] Events of group {task} enabled by remote.
[2019-03-19 13:40:47,780: DEBUG/MainProcess] celery5@eva01 joined the party
[2019-03-19 13:40:47,889: DEBUG/MainProcess] pidbox received method hello(from_node='celery5@eva01', revoked={}) [reply_to:{'exchange': 'reply.celery.pidbox', 'routing_key': 'a178b0be-c6ee-33be-8201-3ef277460985'} ticket:2750d83e-2c4f-42cc-b906-5a8ca4934f15]
[2019-03-19 13:40:47,889: INFO/MainProcess] sync with celery5@eva01
[2019-03-19 13:40:47,953: DEBUG/MainProcess] celery4@eva01 joined the party
[2019-03-19 13:40:51,910: DEBUG/MainProcess] pidbox received method heartbeat() [reply_to:None ticket:None]
[2019-03-19 13:40:51,910: DEBUG/MainProcess] Heartbeat requested by remote.
[2019-03-19 13:40:51,940: DEBUG/MainProcess] pidbox received method stats() [reply_to:{'exchange': 'reply.celery.pidbox', 'routing_key': 'cdebccce-6e75-3884-8c29-bd9e75f02382'} ticket:65ac0508-cda2-4674-804e-a091f216a195]
[2019-03-19 13:40:52,106: DEBUG/MainProcess] pidbox received method active_queues() [reply_to:{'exchange': 'reply.celery.pidbox', 'routing_key': 'aa1257a0-de30-3cd4-b1af-0535fe301041'} ticket:836506b5-45ab-4a16-80b0-3246f6d6aa7e]
[2019-03-19 13:40:52,122: DEBUG/MainProcess] pidbox received method scheduled() [reply_to:{'exchange': 'reply.celery.pidbox', 'routing_key': '5b7ad659-500e-3245-9dfe-81fd2b17f1d6'} ticket:02b17155-3921-4a0d-b5e0-cc8657fa9b2c]
[2019-03-19 13:40:52,140: DEBUG/MainProcess] pidbox received method registered(taskinfoitems=[]) [reply_to:{'exchange': 'reply.celery.pidbox', 'routing_key': '2e96f2f3-40c2-3d3d-ac56-7201edae9e61'} ticket:7e289e33-31cc-4c14-ba7a-265aea4cd085]
[2019-03-19 13:40:53,126: DEBUG/MainProcess] pidbox received method active() [reply_to:{'exchange': 'reply.celery.pidbox', 'routing_key': 'cdebccce-6e75-3884-8c29-bd9e75f02382'} ticket:094582ff-a024-4f75-ac9b-462d8ea3657d]
[2019-03-19 13:40:53,186: DEBUG/MainProcess] pidbox received method conf(with_defaults=False) [reply_to:{'exchange': 'reply.celery.pidbox', 'routing_key': 'aa1257a0-de30-3cd4-b1af-0535fe301041'} ticket:36aea95c-7ef2-42bf-97b9-bc18c592cffc]
[2019-03-19 13:40:53,657: DEBUG/MainProcess] pidbox received method revoked() [reply_to:{'exchange': 'reply.celery.pidbox', 'routing_key': '2e96f2f3-40c2-3d3d-ac56-7201edae9e61'} ticket:d6f72cbf-83e7-4a90-b996-82097721e13e]
[2019-03-19 13:40:53,662: DEBUG/MainProcess] pidbox received method reserved() [reply_to:{'exchange': 'reply.celery.pidbox', 'routing_key': '5b7ad659-500e-3245-9dfe-81fd2b17f1d6'} ticket:07a0082f-3d3f-47c3-bf60-3c38b74e27a6]
[2019-03-19 13:40:56,735: DEBUG/MainProcess] pidbox received method enable_events() [reply_to:None ticket:None]
[2019-03-19 13:41:01,731: DEBUG/MainProcess] pidbox received method enable_events() [reply_to:None ticket:None]
[2019-03-19 13:41:06,730: DEBUG/MainProcess] pidbox received method enable_events() [reply_to:None ticket:None]
[2019-03-19 13:41:11,735: DEBUG/MainProcess] pidbox received method enable_events() [reply_to:None ticket:None]
[2019-03-19 13:41:16,733: DEBUG/MainProcess] pidbox received method enable_events() [reply_to:None ticket:None]
[2019-03-19 13:41:21,731: DEBUG/MainProcess] pidbox received method enable_events() [reply_to:None ticket:None]
[2019-03-19 13:41:26,730: DEBUG/MainProcess] pidbox received method enable_events() [reply_to:None ticket:None]
[2019-03-19 13:41:29,359: DEBUG/MainProcess] celery@worker.svc_add_follower left
[2019-03-19 13:41:31,735: DEBUG/MainProcess] pidbox received method enable_events() [reply_to:None ticket:None]
[2019-03-19 13:41:36,729: DEBUG/MainProcess] pidbox received method enable_events() [reply_to:None ticket:None]
[2019-03-19 13:41:47,544: DEBUG/MainProcess] pidbox received method heartbeat() [reply_to:None ticket:None]
[2019-03-19 13:41:47,544: DEBUG/MainProcess] Heartbeat requested by remote.
[2019-03-19 13:41:47,565: DEBUG/MainProcess] pidbox received method active_queues() [reply_to:{'exchange': 'reply.celery.pidbox', 'routing_key': 'c706264f-f44a-365f-8e00-aade0e567d3b'} ticket:92e233b5-7c2d-4be6-bf73-14492a61a4d2]
[2019-03-19 13:41:47,649: DEBUG/MainProcess] pidbox received method stats() [reply_to:{'exchange': 'reply.celery.pidbox', 'routing_key': '3d7d85c9-e85e-347c-bc6a-7fb3b3319e3e'} ticket:1f6e544d-6b78-4856-a1c8-831cde9b455d]
[2019-03-19 13:41:47,666: DEBUG/MainProcess] pidbox received method registered(taskinfoitems=[]) [reply_to:{'exchange': 'reply.celery.pidbox', 'routing_key': '16eead05-4b98-382c-84a9-0e7291fc307b'} ticket:88064479-39cd-4253-b81e-04d74870e53e]
[2019-03-19 13:41:47,688: DEBUG/MainProcess] pidbox received method scheduled() [reply_to:{'exchange': 'reply.celery.pidbox', 'routing_key': 'fb34bfa0-4d85-384f-b57a-da355fd2ae71'} ticket:5a350f7b-6c5a-4933-a87f-2d3b0b90eaa2]
[2019-03-19 13:41:48,686: DEBUG/MainProcess] pidbox received method active() [reply_to:{'exchange': 'reply.celery.pidbox', 'routing_key': 'c706264f-f44a-365f-8e00-aade0e567d3b'} ticket:7ee6f06b-eac6-421e-8bc6-da55197f2439]
[2019-03-19 13:41:48,706: DEBUG/MainProcess] pidbox received method reserved() [reply_to:{'exchange': 'reply.celery.pidbox', 'routing_key': '3d7d85c9-e85e-347c-bc6a-7fb3b3319e3e'} ticket:76ad65bb-e155-4d09-8468-0a0b769f9a58]
[2019-03-19 13:41:48,723: DEBUG/MainProcess] pidbox received method revoked() [reply_to:{'exchange': 'reply.celery.pidbox', 'routing_key': '16eead05-4b98-382c-84a9-0e7291fc307b'} ticket:7d7b458f-f188-4f35-96c4-4641810cf04f]
[2019-03-19 13:41:48,794: DEBUG/MainProcess] pidbox received method conf(with_defaults=False) [reply_to:{'exchange': 'reply.celery.pidbox', 'routing_key': 'fb34bfa0-4d85-384f-b57a-da355fd2ae71'} ticket:c0e2b633-8e43-49f1-809c-30e3cf05e769]
[2019-03-19 13:41:52,314: DEBUG/MainProcess] pidbox received method enable_events() [reply_to:None ticket:None]
[2019-03-19 13:41:57,318: DEBUG/MainProcess] pidbox received method enable_events() [reply_to:None ticket:None]
[2019-03-19 13:42:02,313: DEBUG/MainProcess] pidbox received method enable_events() [reply_to:None ticket:None]
[2019-03-19 13:42:07,317: DEBUG/MainProcess] pidbox received method enable_events() [reply_to:None ticket:None]
[2019-03-19 13:42:12,312: DEBUG/MainProcess] pidbox received method enable_events() [reply_to:None ticket:None]
[2019-03-19 13:42:17,318: DEBUG/MainProcess] pidbox received method enable_events() [reply_to:None ticket:None]
[2019-03-19 13:42:22,314: DEBUG/MainProcess] pidbox received method enable_events() [reply_to:None ticket:None]
[2019-03-19 13:42:27,314: DEBUG/MainProcess] pidbox received method enable_events() [reply_to:None ticket:None]
[2019-03-19 13:42:32,317: DEBUG/MainProcess] pidbox received method enable_events() [reply_to:None ticket:None]
[2019-03-19 13:42:37,318: DEBUG/MainProcess] pidbox received method enable_events() [reply_to:None ticket:None]
[2019-03-19 13:42:42,316: DEBUG/MainProcess] pidbox received method enable_events() [reply_to:None ticket:None]
[2019-03-19 13:42:47,315: DEBUG/MainProcess] pidbox received method enable_events() [reply_to:None ticket:None]
[2019-03-19 13:42:52,315: DEBUG/MainProcess] pidbox received method enable_events() [reply_to:None ticket:None]
[2019-03-19 13:42:57,314: DEBUG/MainProcess] pidbox received method enable_events() [reply_to:None ticket:None]
[2019-03-19 13:42:58,945: INFO/MainProcess] Received task: main.tasks.scaner_acts_follow[b5a3549a-f3fd-45a7-b9ac-143bb0ff4299]  
[2019-03-19 13:42:58,947: DEBUG/MainProcess] TaskPool: Apply <function _fast_trace_task at 0x7f6312056048> (args:('main.tasks.scaner_acts_follow', 'b5a3549a-f3fd-45a7-b9ac-143bb0ff4299', {'lang': 'py', 'task': 'main.tasks.scaner_acts_follow', 'id': 'b5a3549a-f3fd-45a7-b9ac-143bb0ff4299', 'shadow': None, 'eta': None, 'expires': None, 'group': None, 'retries': 0, 'timelimit': [None, None], 'root_id': 'b5a3549a-f3fd-45a7-b9ac-143bb0ff4299', 'parent_id': None, 'argsrepr': '()', 'kwargsrepr': '{}', 'origin': 'gen15153@eva01', 'reply_to': 'b6468461-6b4f-313b-8442-bcdbac0cf772', 'correlation_id': 'b5a3549a-f3fd-45a7-b9ac-143bb0ff4299', 'delivery_info': {'exchange': '', 'routing_key': 'target_f_add', 'priority': 0, 'redelivered': None}}, b'[[], {}, {"callbacks": null, "errbacks": null, "chain": null, "chord": null}]', 'application/json', 'utf-8') kwargs:{})
[2019-03-19 13:42:58,954: DEBUG/MainProcess] Task accepted: main.tasks.scaner_acts_follow[b5a3549a-f3fd-45a7-b9ac-143bb0ff4299] pid:15092
[2019-03-19 13:43:02,316: DEBUG/MainProcess] pidbox received method enable_events() [reply_to:None ticket:None]
[2019-03-19 13:43:07,315: DEBUG/MainProcess] pidbox received method enable_events() [reply_to:None ticket:None]
[2019-03-19 13:43:09,046: INFO/MainProcess] Received task: main.tasks.follow_it[3a74daaa-be8e-40b6-a394-d93b761fa6ae]  
[2019-03-19 13:43:09,047: DEBUG/MainProcess] TaskPool: Apply <function _fast_trace_task at 0x7f6312056048> (args:('main.tasks.follow_it', '3a74daaa-be8e-40b6-a394-d93b761fa6ae', {'lang': 'py', 'task': 'main.tasks.follow_it', 'id': '3a74daaa-be8e-40b6-a394-d93b761fa6ae', 'shadow': None, 'eta': None, 'expires': None, 'group': None, 'retries': 0, 'timelimit': [None, None], 'root_id': '9c81cfe1-ad6c-4514-bb16-074721502c69', 'parent_id': '9c81cfe1-ad6c-4514-bb16-074721502c69', 'argsrepr': '(35,)', 'kwargsrepr': '{}', 'origin': 'gen15082@eva01', 'reply_to': '1d36f8f4-1e34-3080-a11a-5153b8e74e43', 'correlation_id': '3a74daaa-be8e-40b6-a394-d93b761fa6ae', 'delivery_info': {'exchange': '', 'routing_key': 'flw_add', 'priority': 0, 'redelivered': None}}, b'[[35], {}, {"callbacks": null, "errbacks": null, "chain": null, "chord": null}]', 'application/json', 'utf-8') kwargs:{})
[2019-03-19 13:43:09,058: DEBUG/MainProcess] Task accepted: main.tasks.follow_it[3a74daaa-be8e-40b6-a394-d93b761fa6ae] pid:15092
[2019-03-19 13:43:12,314: DEBUG/MainProcess] pidbox received method enable_events() [reply_to:None ticket:None]
[2019-03-19 13:43:17,312: DEBUG/MainProcess] pidbox received method enable_events() [reply_to:None ticket:None]
[2019-03-19 13:43:22,316: DEBUG/MainProcess] pidbox received method enable_events() [reply_to:None ticket:None]
[2019-03-19 13:43:27,314: DEBUG/MainProcess] pidbox received method enable_events() [reply_to:None ticket:None]
[2019-03-19 13:43:32,320: DEBUG/MainProcess] pidbox received method enable_events() [reply_to:None ticket:None]
[2019-03-19 13:43:37,316: DEBUG/MainProcess] pidbox received method enable_events() [reply_to:None ticket:None]
[2019-03-19 13:43:42,315: DEBUG/MainProcess] pidbox received method enable_events() [reply_to:None ticket:None]
[2019-03-19 13:43:47,320: DEBUG/MainProcess] pidbox received method enable_events() [reply_to:None ticket:None]
[2019-03-19 13:43:48,917: INFO/MainProcess] Received task: main.tasks.follow_it[43423a14-ad50-437e-a75c-4319211cceda]  
[2019-03-19 13:43:48,917: DEBUG/MainProcess] TaskPool: Apply <function _fast_trace_task at 0x7f6312056048> (args:('main.tasks.follow_it', '43423a14-ad50-437e-a75c-4319211cceda', {'lang': 'py', 'task': 'main.tasks.follow_it', 'id': '43423a14-ad50-437e-a75c-4319211cceda', 'shadow': None, 'eta': None, 'expires': None, 'group': None, 'retries': 0, 'timelimit': [None, None], 'root_id': '1f47f446-7da6-4990-8079-300453dafd19', 'parent_id': '1f47f446-7da6-4990-8079-300453dafd19', 'argsrepr': '(35,)', 'kwargsrepr': '{}', 'origin': 'gen15082@eva01', 'reply_to': '1d36f8f4-1e34-3080-a11a-5153b8e74e43', 'correlation_id': '43423a14-ad50-437e-a75c-4319211cceda', 'delivery_info': {'exchange': '', 'routing_key': 'flw_add', 'priority': 0, 'redelivered': None}}, b'[[35], {}, {"callbacks": null, "errbacks": null, "chain": null, "chord": null}]', 'application/json', 'utf-8') kwargs:{})
[2019-03-19 13:43:48,926: DEBUG/MainProcess] Task accepted: main.tasks.follow_it[43423a14-ad50-437e-a75c-4319211cceda] pid:15092
[2019-03-19 13:43:52,315: DEBUG/MainProcess] pidbox received method enable_events() [reply_to:None ticket:None]
[2019-03-19 13:43:57,314: DEBUG/MainProcess] pidbox received method enable_events() [reply_to:None ticket:None]
[2019-03-19 13:43:58,878: INFO/MainProcess] Received task: main.tasks.scaner_acts_like[7ff78c1b-a6f7-426a-8e53-9ef65080826c]  
[2019-03-19 13:43:58,879: DEBUG/MainProcess] TaskPool: Apply <function _fast_trace_task at 0x7f6312056048> (args:('main.tasks.scaner_acts_like', '7ff78c1b-a6f7-426a-8e53-9ef65080826c', {'lang': 'py', 'task': 'main.tasks.scaner_acts_like', 'id': '7ff78c1b-a6f7-426a-8e53-9ef65080826c', 'shadow': None, 'eta': None, 'expires': None, 'group': None, 'retries': 0, 'timelimit': [None, None], 'root_id': '7ff78c1b-a6f7-426a-8e53-9ef65080826c', 'parent_id': None, 'argsrepr': '()', 'kwargsrepr': '{}', 'origin': 'gen15153@eva01', 'reply_to': 'b6468461-6b4f-313b-8442-bcdbac0cf772', 'correlation_id': '7ff78c1b-a6f7-426a-8e53-9ef65080826c', 'delivery_info': {'exchange': '', 'routing_key': 'like_action', 'priority': 0, 'redelivered': None}}, b'[[], {}, {"callbacks": null, "errbacks": null, "chain": null, "chord": null}]', 'application/json', 'utf-8') kwargs:{})
[2019-03-19 13:43:58,925: DEBUG/MainProcess] Task accepted: main.tasks.scaner_acts_like[7ff78c1b-a6f7-426a-8e53-9ef65080826c] pid:15092
[2019-03-19 13:44:02,318: DEBUG/MainProcess] pidbox received method enable_events() [reply_to:None ticket:None]
[2019-03-19 13:44:07,314: DEBUG/MainProcess] pidbox received method enable_events() [reply_to:None ticket:None]
[2019-03-19 13:44:12,315: DEBUG/MainProcess] pidbox received method enable_events() [reply_to:None ticket:None]
[2019-03-19 13:44:17,318: DEBUG/MainProcess] pidbox received method enable_events() [reply_to:None ticket:None]
[2019-03-19 13:44:22,317: DEBUG/MainProcess] pidbox received method enable_events() [reply_to:None ticket:None]
[2019-03-19 13:44:27,315: DEBUG/MainProcess] pidbox received method enable_events() [reply_to:None ticket:None]
[2019-03-19 13:44:28,918: INFO/MainProcess] Received task: main.tasks.scaner_acts_add_follow[f2b1c15f-746c-4a0d-8907-033715181d6f]  
[2019-03-19 13:44:28,919: DEBUG/MainProcess] TaskPool: Apply <function _fast_trace_task at 0x7f6312056048> (args:('main.tasks.scaner_acts_add_follow', 'f2b1c15f-746c-4a0d-8907-033715181d6f', {'lang': 'py', 'task': 'main.tasks.scaner_acts_add_follow', 'id': 'f2b1c15f-746c-4a0d-8907-033715181d6f', 'shadow': None, 'eta': None, 'expires': None, 'group': None, 'retries': 0, 'timelimit': [None, None], 'root_id': 'f2b1c15f-746c-4a0d-8907-033715181d6f', 'parent_id': None, 'argsrepr': '()', 'kwargsrepr': '{}', 'origin': 'gen15153@eva01', 'reply_to': 'b6468461-6b4f-313b-8442-bcdbac0cf772', 'correlation_id': 'f2b1c15f-746c-4a0d-8907-033715181d6f', 'delivery_info': {'exchange': '', 'routing_key': 'flw_add', 'priority': 0, 'redelivered': None}}, b'[[], {}, {"callbacks": null, "errbacks": null, "chain": null, "chord": null}]', 'application/json', 'utf-8') kwargs:{})
[2019-03-19 13:44:28,928: DEBUG/MainProcess] Task accepted: main.tasks.scaner_acts_add_follow[f2b1c15f-746c-4a0d-8907-033715181d6f] pid:15092
[2019-03-19 13:44:32,315: DEBUG/MainProcess] pidbox received method enable_events() [reply_to:None ticket:None]
[2019-03-19 13:44:37,314: DEBUG/MainProcess] pidbox received method enable_events() [reply_to:None ticket:None]
[2019-03-19 13:44:42,313: DEBUG/MainProcess] pidbox received method enable_events() [reply_to:None ticket:None]
[2019-03-19 13:44:47,315: DEBUG/MainProcess] pidbox received method enable_events() [reply_to:None ticket:None]
[2019-03-19 13:44:52,323: DEBUG/MainProcess] pidbox received method enable_events() [reply_to:None ticket:None]
[2019-03-19 13:44:57,312: DEBUG/MainProcess] pidbox received method enable_events() [reply_to:None ticket:None]
[2019-03-19 13:45:02,318: DEBUG/MainProcess] pidbox received method enable_events() [reply_to:None ticket:None]
[2019-03-19 13:45:07,315: DEBUG/MainProcess] pidbox received method enable_events() [reply_to:None ticket:None]
[2019-03-19 13:45:09,059: INFO/MainProcess] Received task: main.tasks.follow_it[bcf8b00b-27e1-4bb5-86b0-819d07589529]  
[2019-03-19 13:45:09,059: DEBUG/MainProcess] TaskPool: Apply <function _fast_trace_task at 0x7f6312056048> (args:('main.tasks.follow_it', 'bcf8b00b-27e1-4bb5-86b0-819d07589529', {'lang': 'py', 'task': 'main.tasks.follow_it', 'id': 'bcf8b00b-27e1-4bb5-86b0-819d07589529', 'shadow': None, 'eta': None, 'expires': None, 'group': None, 'retries': 0, 'timelimit': [None, None], 'root_id': '833368da-4dc3-42a4-a09a-f9a0d18d2679', 'parent_id': '833368da-4dc3-42a4-a09a-f9a0d18d2679', 'argsrepr': '(35,)', 'kwargsrepr': '{}', 'origin': 'gen15105@eva01', 'reply_to': 'bd3d22ce-3bf2-3ac6-a68c-e332483ca8d9', 'correlation_id': 'bcf8b00b-27e1-4bb5-86b0-819d07589529', 'delivery_info': {'exchange': '', 'routing_key': 'flw_add', 'priority': 0, 'redelivered': None}}, b'[[35], {}, {"callbacks": null, "errbacks": null, "chain": null, "chord": null}]', 'application/json', 'utf-8') kwargs:{})
[2019-03-19 13:45:09,070: DEBUG/MainProcess] Task accepted: main.tasks.follow_it[bcf8b00b-27e1-4bb5-86b0-819d07589529] pid:15092
[2019-03-19 13:45:12,316: DEBUG/MainProcess] pidbox received method enable_events() [reply_to:None ticket:None]
[2019-03-19 13:45:17,314: DEBUG/MainProcess] pidbox received method enable_events() [reply_to:None ticket:None]
[2019-03-19 13:45:22,320: DEBUG/MainProcess] pidbox received method enable_events() [reply_to:None ticket:None]
[2019-03-19 13:45:27,314: DEBUG/MainProcess] pidbox received method enable_events() [reply_to:None ticket:None]
[2019-03-19 13:45:28,913: INFO/MainProcess] Received task: main.tasks.scaner_acts_follow[15dc80d1-aeaf-4d4e-a3dd-8961b5f60426]  
[2019-03-19 13:45:28,913: DEBUG/MainProcess] TaskPool: Apply <function _fast_trace_task at 0x7f6312056048> (args:('main.tasks.scaner_acts_follow', '15dc80d1-aeaf-4d4e-a3dd-8961b5f60426', {'lang': 'py', 'task': 'main.tasks.scaner_acts_follow', 'id': '15dc80d1-aeaf-4d4e-a3dd-8961b5f60426', 'shadow': None, 'eta': None, 'expires': None, 'group': None, 'retries': 0, 'timelimit': [None, None], 'root_id': '15dc80d1-aeaf-4d4e-a3dd-8961b5f60426', 'parent_id': None, 'argsrepr': '()', 'kwargsrepr': '{}', 'origin': 'gen15153@eva01', 'reply_to': 'b6468461-6b4f-313b-8442-bcdbac0cf772', 'correlation_id': '15dc80d1-aeaf-4d4e-a3dd-8961b5f60426', 'delivery_info': {'exchange': '', 'routing_key': 'target_f_add', 'priority': 0, 'redelivered': None}}, b'[[], {}, {"callbacks": null, "errbacks": null, "chain": null, "chord": null}]', 'application/json', 'utf-8') kwargs:{})
[2019-03-19 13:45:28,926: DEBUG/MainProcess] Task accepted: main.tasks.scaner_acts_follow[15dc80d1-aeaf-4d4e-a3dd-8961b5f60426] pid:15092
[2019-03-19 13:45:32,314: DEBUG/MainProcess] pidbox received method enable_events() [reply_to:None ticket:None]
[2019-03-19 13:45:37,312: DEBUG/MainProcess] pidbox received method enable_events() [reply_to:None ticket:None]
[2019-03-19 13:45:42,316: DEBUG/MainProcess] pidbox received method enable_events() [reply_to:None ticket:None]
[2019-03-19 13:45:47,313: DEBUG/MainProcess] pidbox received method enable_events() [reply_to:None ticket:None]
[2019-03-19 13:45:48,956: INFO/MainProcess] Received task: main.tasks.follow_it[b3550260-8baa-4a29-9124-9c22dcc16bb9]  
[2019-03-19 13:45:48,956: DEBUG/MainProcess] TaskPool: Apply <function _fast_trace_task at 0x7f6312056048> (args:('main.tasks.follow_it', 'b3550260-8baa-4a29-9124-9c22dcc16bb9', {'lang': 'py', 'task': 'main.tasks.follow_it', 'id': 'b3550260-8baa-4a29-9124-9c22dcc16bb9', 'shadow': None, 'eta': None, 'expires': None, 'group': None, 'retries': 0, 'timelimit': [None, None], 'root_id': 'd936e231-37b2-428a-a1f0-23cd10a51500', 'parent_id': 'd936e231-37b2-428a-a1f0-23cd10a51500', 'argsrepr': '(35,)', 'kwargsrepr': '{}', 'origin': 'gen15082@eva01', 'reply_to': '1d36f8f4-1e34-3080-a11a-5153b8e74e43', 'correlation_id': 'b3550260-8baa-4a29-9124-9c22dcc16bb9', 'delivery_info': {'exchange': '', 'routing_key': 'flw_add', 'priority': 0, 'redelivered': None}}, b'[[35], {}, {"callbacks": null, "errbacks": null, "chain": null, "chord": null}]', 'application/json', 'utf-8') kwargs:{})
[2019-03-19 13:45:48,966: DEBUG/MainProcess] Task accepted: main.tasks.follow_it[b3550260-8baa-4a29-9124-9c22dcc16bb9] pid:15092
[2019-03-19 13:45:52,315: DEBUG/MainProcess] pidbox received method enable_events() [reply_to:None ticket:None]
[2019-03-19 13:45:57,314: DEBUG/MainProcess] pidbox received method enable_events() [reply_to:None ticket:None]
[2019-03-19 13:45:58,933: INFO/MainProcess] Received task: main.tasks.scaner_acts_follow[f4fe5c6f-f0b1-4d7a-afe1-c356181f29ef]  
[2019-03-19 13:45:58,934: DEBUG/MainProcess] TaskPool: Apply <function _fast_trace_task at 0x7f6312056048> (args:('main.tasks.scaner_acts_follow', 'f4fe5c6f-f0b1-4d7a-afe1-c356181f29ef', {'lang': 'py', 'task': 'main.tasks.scaner_acts_follow', 'id': 'f4fe5c6f-f0b1-4d7a-afe1-c356181f29ef', 'shadow': None, 'eta': None, 'expires': None, 'group': None, 'retries': 0, 'timelimit': [None, None], 'root_id': 'f4fe5c6f-f0b1-4d7a-afe1-c356181f29ef', 'parent_id': None, 'argsrepr': '()', 'kwargsrepr': '{}', 'origin': 'gen15153@eva01', 'reply_to': 'b6468461-6b4f-313b-8442-bcdbac0cf772', 'correlation_id': 'f4fe5c6f-f0b1-4d7a-afe1-c356181f29ef', 'delivery_info': {'exchange': '', 'routing_key': 'target_f_add', 'priority': 0, 'redelivered': None}}, b'[[], {}, {"callbacks": null, "errbacks": null, "chain": null, "chord": null}]', 'application/json', 'utf-8') kwargs:{})
[2019-03-19 13:45:58,942: DEBUG/MainProcess] Task accepted: main.tasks.scaner_acts_follow[f4fe5c6f-f0b1-4d7a-afe1-c356181f29ef] pid:15092
[2019-03-19 13:46:02,315: DEBUG/MainProcess] pidbox received method enable_events() [reply_to:None ticket:None]
[2019-03-19 13:46:07,313: DEBUG/MainProcess] pidbox received method enable_events() [reply_to:None ticket:None]
[2019-03-19 13:46:12,321: DEBUG/MainProcess] pidbox received method enable_events() [reply_to:None ticket:None]
[2019-03-19 13:46:13,923: INFO/MainProcess] Received task: main.tasks.scaner_acts_like[3a194ef5-54f9-4459-8406-530c5613f0b1]  
[2019-03-19 13:46:13,924: DEBUG/MainProcess] TaskPool: Apply <function _fast_trace_task at 0x7f6312056048> (args:('main.tasks.scaner_acts_like', '3a194ef5-54f9-4459-8406-530c5613f0b1', {'lang': 'py', 'task': 'main.tasks.scaner_acts_like', 'id': '3a194ef5-54f9-4459-8406-530c5613f0b1', 'shadow': None, 'eta': None, 'expires': None, 'group': None, 'retries': 0, 'timelimit': [None, None], 'root_id': '3a194ef5-54f9-4459-8406-530c5613f0b1', 'parent_id': None, 'argsrepr': '()', 'kwargsrepr': '{}', 'origin': 'gen15153@eva01', 'reply_to': 'b6468461-6b4f-313b-8442-bcdbac0cf772', 'correlation_id': '3a194ef5-54f9-4459-8406-530c5613f0b1', 'delivery_info': {'exchange': '', 'routing_key': 'like_action', 'priority': 0, 'redelivered': None}}, b'[[], {}, {"callbacks": null, "errbacks": null, "chain": null, "chord": null}]', 'application/json', 'utf-8') kwargs:{})
[2019-03-19 13:46:13,932: DEBUG/MainProcess] Task accepted: main.tasks.scaner_acts_like[3a194ef5-54f9-4459-8406-530c5613f0b1] pid:15092
[2019-03-19 13:46:17,313: DEBUG/MainProcess] pidbox received method enable_events() [reply_to:None ticket:None]
[2019-03-19 13:46:22,319: DEBUG/MainProcess] pidbox received method enable_events() [reply_to:None ticket:None]
[2019-03-19 13:46:27,313: DEBUG/MainProcess] pidbox received method enable_events() [reply_to:None ticket:None]
[2019-03-19 13:46:28,939: INFO/MainProcess] Received task: main.tasks.scaner_acts_follow[1e9b1a6a-d3e5-4efd-bf04-9722ef016bc7]  
[2019-03-19 13:46:28,939: DEBUG/MainProcess] TaskPool: Apply <function _fast_trace_task at 0x7f6312056048> (args:('main.tasks.scaner_acts_follow', '1e9b1a6a-d3e5-4efd-bf04-9722ef016bc7', {'lang': 'py', 'task': 'main.tasks.scaner_acts_follow', 'id': '1e9b1a6a-d3e5-4efd-bf04-9722ef016bc7', 'shadow': None, 'eta': None, 'expires': None, 'group': None, 'retries': 0, 'timelimit': [None, None], 'root_id': '1e9b1a6a-d3e5-4efd-bf04-9722ef016bc7', 'parent_id': None, 'argsrepr': '()', 'kwargsrepr': '{}', 'origin': 'gen15153@eva01', 'reply_to': 'b6468461-6b4f-313b-8442-bcdbac0cf772', 'correlation_id': '1e9b1a6a-d3e5-4efd-bf04-9722ef016bc7', 'delivery_info': {'exchange': '', 'routing_key': 'target_f_add', 'priority': 0, 'redelivered': None}}, b'[[], {}, {"callbacks": null, "errbacks": null, "chain": null, "chord": null}]', 'application/json', 'utf-8') kwargs:{})
[2019-03-19 13:46:28,950: DEBUG/MainProcess] Task accepted: main.tasks.scaner_acts_follow[1e9b1a6a-d3e5-4efd-bf04-9722ef016bc7] pid:15092
[2019-03-19 13:46:32,316: DEBUG/MainProcess] pidbox received method enable_events() [reply_to:None ticket:None]
[2019-03-19 13:46:37,314: DEBUG/MainProcess] pidbox received method enable_events() [reply_to:None ticket:None]
[2019-03-19 13:46:42,315: DEBUG/MainProcess] pidbox received method enable_events() [reply_to:None ticket:None]
[2019-03-19 13:46:47,319: DEBUG/MainProcess] pidbox received method enable_events() [reply_to:None ticket:None]
[2019-03-19 13:46:52,318: DEBUG/MainProcess] pidbox received method enable_events() [reply_to:None ticket:None]
[2019-03-19 13:46:57,312: DEBUG/MainProcess] pidbox received method enable_events() [reply_to:None ticket:None]
[2019-03-19 13:46:58,962: INFO/MainProcess] Received task: main.tasks.scaner_acts_follow[3bc53114-8f7f-4557-94f6-3a22a57520c4]  
[2019-03-19 13:46:58,963: DEBUG/MainProcess] TaskPool: Apply <function _fast_trace_task at 0x7f6312056048> (args:('main.tasks.scaner_acts_follow', '3bc53114-8f7f-4557-94f6-3a22a57520c4', {'lang': 'py', 'task': 'main.tasks.scaner_acts_follow', 'id': '3bc53114-8f7f-4557-94f6-3a22a57520c4', 'shadow': None, 'eta': None, 'expires': None, 'group': None, 'retries': 0, 'timelimit': [None, None], 'root_id': '3bc53114-8f7f-4557-94f6-3a22a57520c4', 'parent_id': None, 'argsrepr': '()', 'kwargsrepr': '{}', 'origin': 'gen15153@eva01', 'reply_to': 'b6468461-6b4f-313b-8442-bcdbac0cf772', 'correlation_id': '3bc53114-8f7f-4557-94f6-3a22a57520c4', 'delivery_info': {'exchange': '', 'routing_key': 'target_f_add', 'priority': 0, 'redelivered': None}}, b'[[], {}, {"callbacks": null, "errbacks": null, "chain": null, "chord": null}]', 'application/json', 'utf-8') kwargs:{})
[2019-03-19 13:46:58,971: DEBUG/MainProcess] Task accepted: main.tasks.scaner_acts_follow[3bc53114-8f7f-4557-94f6-3a22a57520c4] pid:15092
[2019-03-19 13:47:02,316: DEBUG/MainProcess] pidbox received method enable_events() [reply_to:None ticket:None]
[2019-03-19 13:47:07,314: DEBUG/MainProcess] pidbox received method enable_events() [reply_to:None ticket:None]
[2019-03-19 13:47:09,948: DEBUG/MainProcess] celery1@eva01 left
[2019-03-19 13:47:09,960: DEBUG/MainProcess] | Worker: Closing Hub...
[2019-03-19 13:47:09,960: DEBUG/MainProcess] | Worker: Closing Pool...
[2019-03-19 13:47:09,960: DEBUG/MainProcess] | Worker: Closing Consumer...
[2019-03-19 13:47:09,960: DEBUG/MainProcess] | Worker: Stopping Consumer...
[2019-03-19 13:47:09,961: DEBUG/MainProcess] | Consumer: Closing Connection...
[2019-03-19 13:47:09,961: DEBUG/MainProcess] | Consumer: Closing Events...
[2019-03-19 13:47:09,961: DEBUG/MainProcess] | Consumer: Closing Mingle...
[2019-03-19 13:47:09,961: DEBUG/MainProcess] | Consumer: Closing Gossip...
[2019-03-19 13:47:09,961: DEBUG/MainProcess] | Consumer: Closing Heart...
[2019-03-19 13:47:09,961: DEBUG/MainProcess] | Consumer: Closing Tasks...
[2019-03-19 13:47:09,961: DEBUG/MainProcess] | Consumer: Closing Control...
[2019-03-19 13:47:09,962: DEBUG/MainProcess] | Consumer: Closing event loop...
[2019-03-19 13:47:09,962: DEBUG/MainProcess] | Consumer: Stopping event loop...
[2019-03-19 13:47:09,962: DEBUG/MainProcess] | Consumer: Stopping Control...
[2019-03-19 13:47:09,969: DEBUG/MainProcess] | Consumer: Stopping Tasks...
[2019-03-19 13:47:09,969: DEBUG/MainProcess] Canceling task consumer...
[2019-03-19 13:47:09,969: DEBUG/MainProcess] | Consumer: Stopping Heart...
[2019-03-19 13:47:09,982: DEBUG/MainProcess] | Consumer: Stopping Gossip...
[2019-03-19 13:47:10,001: DEBUG/MainProcess] | Consumer: Stopping Mingle...
[2019-03-19 13:47:10,002: DEBUG/MainProcess] | Consumer: Stopping Events...
[2019-03-19 13:47:10,002: DEBUG/MainProcess] | Consumer: Stopping Connection...
[2019-03-19 13:47:10,002: DEBUG/MainProcess] | Worker: Stopping Pool...
[2019-03-19 13:47:11,014: DEBUG/MainProcess] | Worker: Stopping Hub...
[2019-03-19 13:47:11,015: DEBUG/MainProcess] | Consumer: Shutdown Control...
[2019-03-19 13:47:11,015: DEBUG/MainProcess] | Consumer: Shutdown Tasks...
[2019-03-19 13:47:11,015: DEBUG/MainProcess] Canceling task consumer...
[2019-03-19 13:47:11,015: DEBUG/MainProcess] Closing consumer channel...
[2019-03-19 13:47:11,015: DEBUG/MainProcess] | Consumer: Shutdown Heart...
[2019-03-19 13:47:11,015: DEBUG/MainProcess] | Consumer: Shutdown Gossip...
[2019-03-19 13:47:11,016: DEBUG/MainProcess] | Consumer: Shutdown Events...
[2019-03-19 13:47:11,016: DEBUG/MainProcess] | Consumer: Shutdown Connection...
[2019-03-19 13:47:11,017: DEBUG/MainProcess] removing tasks from inqueue until task handler finished
[2019-03-19 13:55:22,527: DEBUG/MainProcess] | Worker: Preparing bootsteps.
[2019-03-19 13:55:22,529: DEBUG/MainProcess] | Worker: Building graph...
[2019-03-19 13:55:22,538: DEBUG/MainProcess] | Worker: New boot order: {Beat, StateDB, Timer, Hub, Pool, Autoscaler, Consumer}
[2019-03-19 13:55:22,674: DEBUG/MainProcess] | Consumer: Preparing bootsteps.
[2019-03-19 13:55:22,675: DEBUG/MainProcess] | Consumer: Building graph...
[2019-03-19 13:55:22,897: DEBUG/MainProcess] | Consumer: New boot order: {Connection, Events, Heart, Mingle, Tasks, Control, Gossip, Agent, event loop}
[2019-03-19 13:55:23,083: DEBUG/MainProcess] | Worker: Starting Hub
[2019-03-19 13:55:23,083: DEBUG/MainProcess] ^-- substep ok
[2019-03-19 13:55:23,084: DEBUG/MainProcess] | Worker: Starting Pool
[2019-03-19 13:55:23,335: DEBUG/MainProcess] ^-- substep ok
[2019-03-19 13:55:23,336: DEBUG/MainProcess] | Worker: Starting Consumer
[2019-03-19 13:55:23,337: DEBUG/MainProcess] | Consumer: Starting Connection
[2019-03-19 13:55:23,522: INFO/MainProcess] Connected to redis://localhost:6379/0
[2019-03-19 13:55:23,522: DEBUG/MainProcess] ^-- substep ok
[2019-03-19 13:55:23,523: DEBUG/MainProcess] | Consumer: Starting Events
[2019-03-19 13:55:23,655: DEBUG/MainProcess] ^-- substep ok
[2019-03-19 13:55:23,655: DEBUG/MainProcess] | Consumer: Starting Heart
[2019-03-19 13:55:23,672: DEBUG/MainProcess] ^-- substep ok
[2019-03-19 13:55:23,673: DEBUG/MainProcess] | Consumer: Starting Mingle
[2019-03-19 13:55:23,673: INFO/MainProcess] mingle: searching for neighbors
[2019-03-19 13:55:24,984: INFO/MainProcess] mingle: sync with 1 nodes
[2019-03-19 13:55:24,986: DEBUG/MainProcess] mingle: processing reply from celery1@eva01
[2019-03-19 13:55:24,987: INFO/MainProcess] mingle: sync complete
[2019-03-19 13:55:24,987: DEBUG/MainProcess] ^-- substep ok
[2019-03-19 13:55:24,987: DEBUG/MainProcess] | Consumer: Starting Tasks
[2019-03-19 13:55:25,047: DEBUG/MainProcess] ^-- substep ok
[2019-03-19 13:55:25,047: DEBUG/MainProcess] | Consumer: Starting Control
[2019-03-19 13:55:25,062: DEBUG/MainProcess] ^-- substep ok
[2019-03-19 13:55:25,062: DEBUG/MainProcess] | Consumer: Starting Gossip
[2019-03-19 13:55:25,078: DEBUG/MainProcess] ^-- substep ok
[2019-03-19 13:55:25,078: DEBUG/MainProcess] | Consumer: Starting event loop
[2019-03-19 13:55:25,079: DEBUG/MainProcess] | Worker: Hub.register Pool...
[2019-03-19 13:55:25,080: WARNING/MainProcess] /home/adminko/GRAMMER/venv/lib/python3.6/site-packages/celery/fixups/django.py:200: UserWarning: Using settings.DEBUG leads to a memory leak, never use this setting in production environments!
  warnings.warn('Using settings.DEBUG leads to a memory leak, never '
[2019-03-19 13:55:25,080: INFO/MainProcess] celery2@eva01 ready.
[2019-03-19 13:55:25,081: DEBUG/MainProcess] basic.qos: prefetch_count->4
[2019-03-19 13:55:26,416: DEBUG/MainProcess] celery1@eva01 joined the party
[2019-03-19 13:55:26,492: DEBUG/MainProcess] pidbox received method enable_events() [reply_to:None ticket:None]
[2019-03-19 13:55:26,492: INFO/MainProcess] Events of group {task} enabled by remote.
[2019-03-19 13:55:26,875: DEBUG/MainProcess] celery3@eva01 joined the party
[2019-03-19 13:55:27,132: DEBUG/MainProcess] pidbox received method hello(from_node='celery3@eva01', revoked={}) [reply_to:{'exchange': 'reply.celery.pidbox', 'routing_key': '7b785fe9-ee94-3527-8545-b04159ba54a8'} ticket:219ff12a-9764-4302-a006-615db06c31a5]
[2019-03-19 13:55:27,132: INFO/MainProcess] sync with celery3@eva01
[2019-03-19 13:55:29,068: DEBUG/MainProcess] celery4@eva01 joined the party
[2019-03-19 13:55:29,237: DEBUG/MainProcess] pidbox received method hello(from_node='celery4@eva01', revoked={}) [reply_to:{'exchange': 'reply.celery.pidbox', 'routing_key': 'ba6df730-3f43-31f4-a099-243c89bcc18f'} ticket:58dab816-1ba7-4649-93ea-6b9275777882]
[2019-03-19 13:55:29,237: INFO/MainProcess] sync with celery4@eva01
[2019-03-19 13:55:30,204: DEBUG/MainProcess] celery5@eva01 joined the party
[2019-03-19 13:55:30,390: DEBUG/MainProcess] pidbox received method hello(from_node='celery5@eva01', revoked={}) [reply_to:{'exchange': 'reply.celery.pidbox', 'routing_key': 'fa0d3b08-572d-30d2-90d8-b21868106027'} ticket:164c4301-bf38-4c6b-bd8c-9d3247418edf]
[2019-03-19 13:55:30,391: INFO/MainProcess] sync with celery5@eva01
[2019-03-19 13:55:33,802: DEBUG/MainProcess] pidbox received method heartbeat() [reply_to:None ticket:None]
[2019-03-19 13:55:33,803: DEBUG/MainProcess] Heartbeat requested by remote.
[2019-03-19 13:55:33,826: DEBUG/MainProcess] pidbox received method stats() [reply_to:{'exchange': 'reply.celery.pidbox', 'routing_key': '296b78b8-bcb8-32b1-9aca-de5abdf94b9c'} ticket:acbb2566-694f-445a-98d2-b172a6079841]
[2019-03-19 13:55:33,904: DEBUG/MainProcess] pidbox received method active_queues() [reply_to:{'exchange': 'reply.celery.pidbox', 'routing_key': 'a4146202-a9dc-32fe-95e6-c12f222694ef'} ticket:c0f3c3b7-1a43-45b6-b0ea-3d8eaa81b870]
[2019-03-19 13:55:33,920: DEBUG/MainProcess] pidbox received method registered(taskinfoitems=[]) [reply_to:{'exchange': 'reply.celery.pidbox', 'routing_key': 'aed6642d-575d-316e-a6f9-da35325592f5'} ticket:3cb46ad9-6b20-4c3b-8e84-93087fcf3ab5]
[2019-03-19 13:55:33,984: DEBUG/MainProcess] pidbox received method scheduled() [reply_to:{'exchange': 'reply.celery.pidbox', 'routing_key': 'a81613c9-d6ad-3b74-88a3-0d3ac875e6fd'} ticket:8f15a601-ab58-47b4-9cb8-cb68723db3ec]
[2019-03-19 13:55:34,981: DEBUG/MainProcess] pidbox received method active() [reply_to:{'exchange': 'reply.celery.pidbox', 'routing_key': '296b78b8-bcb8-32b1-9aca-de5abdf94b9c'} ticket:29b684ed-c62d-4425-98f3-6c95554504bd]
[2019-03-19 13:55:35,012: DEBUG/MainProcess] pidbox received method reserved() [reply_to:{'exchange': 'reply.celery.pidbox', 'routing_key': 'a4146202-a9dc-32fe-95e6-c12f222694ef'} ticket:a903ab14-ff12-4254-8a95-7654bde18261]
[2019-03-19 13:55:35,025: DEBUG/MainProcess] pidbox received method conf(with_defaults=False) [reply_to:{'exchange': 'reply.celery.pidbox', 'routing_key': 'a81613c9-d6ad-3b74-88a3-0d3ac875e6fd'} ticket:e2338448-013b-418b-af6d-1b9cc59769b8]
[2019-03-19 13:55:35,303: DEBUG/MainProcess] pidbox received method revoked() [reply_to:{'exchange': 'reply.celery.pidbox', 'routing_key': 'aed6642d-575d-316e-a6f9-da35325592f5'} ticket:7786e2fb-ced1-4343-979a-d6be5d2b55d2]
[2019-03-19 13:55:38,516: DEBUG/MainProcess] pidbox received method enable_events() [reply_to:None ticket:None]
[2019-03-19 13:55:43,517: DEBUG/MainProcess] pidbox received method enable_events() [reply_to:None ticket:None]
[2019-03-19 13:55:48,517: DEBUG/MainProcess] pidbox received method enable_events() [reply_to:None ticket:None]
[2019-03-19 13:55:53,516: DEBUG/MainProcess] pidbox received method enable_events() [reply_to:None ticket:None]
[2019-03-19 13:55:58,518: DEBUG/MainProcess] pidbox received method enable_events() [reply_to:None ticket:None]
[2019-03-19 13:56:03,520: DEBUG/MainProcess] pidbox received method enable_events() [reply_to:None ticket:None]
[2019-03-19 13:56:08,516: DEBUG/MainProcess] pidbox received method enable_events() [reply_to:None ticket:None]
[2019-03-19 13:56:13,517: DEBUG/MainProcess] pidbox received method enable_events() [reply_to:None ticket:None]
[2019-03-19 13:56:18,516: DEBUG/MainProcess] pidbox received method enable_events() [reply_to:None ticket:None]
[2019-03-19 13:56:23,515: DEBUG/MainProcess] pidbox received method enable_events() [reply_to:None ticket:None]
[2019-03-19 13:56:28,516: DEBUG/MainProcess] pidbox received method enable_events() [reply_to:None ticket:None]
[2019-03-19 13:56:33,516: DEBUG/MainProcess] pidbox received method enable_events() [reply_to:None ticket:None]
[2019-03-19 13:56:38,518: DEBUG/MainProcess] pidbox received method enable_events() [reply_to:None ticket:None]
[2019-03-19 13:56:43,521: DEBUG/MainProcess] pidbox received method enable_events() [reply_to:None ticket:None]
[2019-03-19 13:56:48,519: DEBUG/MainProcess] pidbox received method enable_events() [reply_to:None ticket:None]
[2019-03-19 13:56:53,517: DEBUG/MainProcess] pidbox received method enable_events() [reply_to:None ticket:None]
[2019-03-19 13:56:58,518: DEBUG/MainProcess] pidbox received method enable_events() [reply_to:None ticket:None]
[2019-03-19 13:57:03,520: DEBUG/MainProcess] pidbox received method enable_events() [reply_to:None ticket:None]
[2019-03-19 13:57:08,525: DEBUG/MainProcess] pidbox received method enable_events() [reply_to:None ticket:None]
[2019-03-19 13:57:13,518: DEBUG/MainProcess] pidbox received method enable_events() [reply_to:None ticket:None]
[2019-03-19 13:57:18,520: DEBUG/MainProcess] pidbox received method enable_events() [reply_to:None ticket:None]
[2019-03-19 13:57:23,518: DEBUG/MainProcess] pidbox received method enable_events() [reply_to:None ticket:None]
[2019-03-19 13:57:28,520: DEBUG/MainProcess] pidbox received method enable_events() [reply_to:None ticket:None]
[2019-03-19 13:57:33,521: DEBUG/MainProcess] pidbox received method enable_events() [reply_to:None ticket:None]
[2019-03-19 13:57:38,519: DEBUG/MainProcess] pidbox received method enable_events() [reply_to:None ticket:None]
[2019-03-19 13:57:43,520: DEBUG/MainProcess] pidbox received method enable_events() [reply_to:None ticket:None]
[2019-03-19 13:57:48,520: DEBUG/MainProcess] pidbox received method enable_events() [reply_to:None ticket:None]
[2019-03-19 13:57:53,518: DEBUG/MainProcess] pidbox received method enable_events() [reply_to:None ticket:None]
[2019-03-19 13:57:58,520: DEBUG/MainProcess] pidbox received method enable_events() [reply_to:None ticket:None]
[2019-03-19 13:58:03,516: DEBUG/MainProcess] pidbox received method enable_events() [reply_to:None ticket:None]
[2019-03-19 13:58:08,518: DEBUG/MainProcess] pidbox received method enable_events() [reply_to:None ticket:None]
[2019-03-19 13:58:13,518: DEBUG/MainProcess] pidbox received method enable_events() [reply_to:None ticket:None]
[2019-03-19 13:58:18,522: DEBUG/MainProcess] pidbox received method enable_events() [reply_to:None ticket:None]
[2019-03-19 13:58:23,518: DEBUG/MainProcess] pidbox received method enable_events() [reply_to:None ticket:None]
[2019-03-19 13:58:28,519: DEBUG/MainProcess] pidbox received method enable_events() [reply_to:None ticket:None]
[2019-03-19 13:58:33,518: DEBUG/MainProcess] pidbox received method enable_events() [reply_to:None ticket:None]
[2019-03-19 13:58:38,520: DEBUG/MainProcess] pidbox received method enable_events() [reply_to:None ticket:None]
[2019-03-19 13:58:43,528: DEBUG/MainProcess] pidbox received method enable_events() [reply_to:None ticket:None]
[2019-03-19 13:58:48,519: DEBUG/MainProcess] pidbox received method enable_events() [reply_to:None ticket:None]
[2019-03-19 13:58:53,517: DEBUG/MainProcess] pidbox received method enable_events() [reply_to:None ticket:None]
[2019-03-19 13:58:58,519: DEBUG/MainProcess] pidbox received method enable_events() [reply_to:None ticket:None]
[2019-03-19 13:59:03,518: DEBUG/MainProcess] pidbox received method enable_events() [reply_to:None ticket:None]
[2019-03-19 13:59:08,523: DEBUG/MainProcess] pidbox received method enable_events() [reply_to:None ticket:None]
[2019-03-19 13:59:13,519: DEBUG/MainProcess] pidbox received method enable_events() [reply_to:None ticket:None]
[2019-03-19 13:59:18,518: DEBUG/MainProcess] pidbox received method enable_events() [reply_to:None ticket:None]
[2019-03-19 13:59:23,518: DEBUG/MainProcess] pidbox received method enable_events() [reply_to:None ticket:None]
[2019-03-19 13:59:28,518: DEBUG/MainProcess] pidbox received method enable_events() [reply_to:None ticket:None]
[2019-03-19 13:59:33,518: DEBUG/MainProcess] pidbox received method enable_events() [reply_to:None ticket:None]
[2019-03-19 13:59:38,521: DEBUG/MainProcess] pidbox received method enable_events() [reply_to:None ticket:None]
[2019-03-19 13:59:43,518: DEBUG/MainProcess] pidbox received method enable_events() [reply_to:None ticket:None]
[2019-03-19 13:59:48,522: DEBUG/MainProcess] pidbox received method enable_events() [reply_to:None ticket:None]
[2019-03-19 13:59:53,518: DEBUG/MainProcess] pidbox received method enable_events() [reply_to:None ticket:None]
[2019-03-19 13:59:58,520: DEBUG/MainProcess] pidbox received method enable_events() [reply_to:None ticket:None]
[2019-03-19 14:00:03,516: DEBUG/MainProcess] pidbox received method enable_events() [reply_to:None ticket:None]
[2019-03-19 14:00:08,518: DEBUG/MainProcess] pidbox received method enable_events() [reply_to:None ticket:None]
[2019-03-19 14:00:13,520: DEBUG/MainProcess] pidbox received method enable_events() [reply_to:None ticket:None]
[2019-03-19 14:00:18,517: DEBUG/MainProcess] pidbox received method enable_events() [reply_to:None ticket:None]
[2019-03-19 14:00:23,518: DEBUG/MainProcess] pidbox received method enable_events() [reply_to:None ticket:None]
[2019-03-19 14:00:28,516: DEBUG/MainProcess] pidbox received method enable_events() [reply_to:None ticket:None]
[2019-03-19 14:00:33,518: DEBUG/MainProcess] pidbox received method enable_events() [reply_to:None ticket:None]
[2019-03-19 14:00:38,520: DEBUG/MainProcess] pidbox received method enable_events() [reply_to:None ticket:None]
[2019-03-19 14:00:43,516: DEBUG/MainProcess] pidbox received method enable_events() [reply_to:None ticket:None]
[2019-03-19 14:00:48,517: DEBUG/MainProcess] pidbox received method enable_events() [reply_to:None ticket:None]
[2019-03-19 14:00:53,516: DEBUG/MainProcess] pidbox received method enable_events() [reply_to:None ticket:None]
[2019-03-19 14:00:58,517: DEBUG/MainProcess] pidbox received method enable_events() [reply_to:None ticket:None]
[2019-03-19 14:01:03,518: DEBUG/MainProcess] pidbox received method enable_events() [reply_to:None ticket:None]
[2019-03-19 14:01:08,518: DEBUG/MainProcess] pidbox received method enable_events() [reply_to:None ticket:None]
[2019-03-19 14:01:13,516: DEBUG/MainProcess] pidbox received method enable_events() [reply_to:None ticket:None]
[2019-03-19 14:01:18,517: DEBUG/MainProcess] pidbox received method enable_events() [reply_to:None ticket:None]
[2019-03-19 14:01:23,517: DEBUG/MainProcess] pidbox received method enable_events() [reply_to:None ticket:None]
[2019-03-19 14:01:28,518: DEBUG/MainProcess] pidbox received method enable_events() [reply_to:None ticket:None]
[2019-03-19 14:01:33,525: DEBUG/MainProcess] pidbox received method enable_events() [reply_to:None ticket:None]
[2019-03-19 14:01:38,516: DEBUG/MainProcess] pidbox received method enable_events() [reply_to:None ticket:None]
[2019-03-19 14:01:43,518: DEBUG/MainProcess] pidbox received method enable_events() [reply_to:None ticket:None]
[2019-03-19 14:01:48,517: DEBUG/MainProcess] pidbox received method enable_events() [reply_to:None ticket:None]
[2019-03-19 14:01:53,516: DEBUG/MainProcess] pidbox received method enable_events() [reply_to:None ticket:None]
[2019-03-19 14:01:58,518: DEBUG/MainProcess] pidbox received method enable_events() [reply_to:None ticket:None]
[2019-03-19 14:02:03,527: DEBUG/MainProcess] pidbox received method enable_events() [reply_to:None ticket:None]
[2019-03-19 14:02:08,517: DEBUG/MainProcess] pidbox received method enable_events() [reply_to:None ticket:None]
[2019-03-19 14:02:13,527: DEBUG/MainProcess] pidbox received method enable_events() [reply_to:None ticket:None]
[2019-03-19 14:02:18,519: DEBUG/MainProcess] pidbox received method enable_events() [reply_to:None ticket:None]
[2019-03-19 14:02:23,519: DEBUG/MainProcess] pidbox received method enable_events() [reply_to:None ticket:None]
[2019-03-19 14:02:28,518: DEBUG/MainProcess] pidbox received method enable_events() [reply_to:None ticket:None]
[2019-03-19 14:02:33,524: DEBUG/MainProcess] pidbox received method enable_events() [reply_to:None ticket:None]
[2019-03-19 14:02:38,518: DEBUG/MainProcess] pidbox received method enable_events() [reply_to:None ticket:None]
[2019-03-19 14:02:43,520: DEBUG/MainProcess] pidbox received method enable_events() [reply_to:None ticket:None]
[2019-03-19 14:02:48,517: DEBUG/MainProcess] pidbox received method enable_events() [reply_to:None ticket:None]
[2019-03-19 14:02:53,519: DEBUG/MainProcess] pidbox received method enable_events() [reply_to:None ticket:None]
[2019-03-19 14:02:58,520: DEBUG/MainProcess] pidbox received method enable_events() [reply_to:None ticket:None]
[2019-03-19 14:03:03,521: DEBUG/MainProcess] pidbox received method enable_events() [reply_to:None ticket:None]
[2019-03-19 14:03:08,518: DEBUG/MainProcess] pidbox received method enable_events() [reply_to:None ticket:None]
[2019-03-19 14:03:13,521: DEBUG/MainProcess] pidbox received method enable_events() [reply_to:None ticket:None]
[2019-03-19 14:03:18,518: DEBUG/MainProcess] pidbox received method enable_events() [reply_to:None ticket:None]
[2019-03-19 14:03:23,520: DEBUG/MainProcess] pidbox received method enable_events() [reply_to:None ticket:None]
[2019-03-19 14:03:28,516: DEBUG/MainProcess] pidbox received method enable_events() [reply_to:None ticket:None]
[2019-03-19 14:03:33,520: DEBUG/MainProcess] pidbox received method enable_events() [reply_to:None ticket:None]
[2019-03-19 14:03:38,518: DEBUG/MainProcess] pidbox received method enable_events() [reply_to:None ticket:None]
[2019-03-19 14:03:43,519: DEBUG/MainProcess] pidbox received method enable_events() [reply_to:None ticket:None]
[2019-03-19 14:03:48,518: DEBUG/MainProcess] pidbox received method enable_events() [reply_to:None ticket:None]
[2019-03-19 14:03:53,520: DEBUG/MainProcess] pidbox received method enable_events() [reply_to:None ticket:None]
[2019-03-19 14:03:58,516: DEBUG/MainProcess] pidbox received method enable_events() [reply_to:None ticket:None]
[2019-03-19 14:04:03,518: DEBUG/MainProcess] pidbox received method enable_events() [reply_to:None ticket:None]
[2019-03-19 14:04:08,518: DEBUG/MainProcess] pidbox received method enable_events() [reply_to:None ticket:None]
[2019-03-19 14:04:13,520: DEBUG/MainProcess] pidbox received method enable_events() [reply_to:None ticket:None]
[2019-03-19 14:04:18,531: DEBUG/MainProcess] pidbox received method enable_events() [reply_to:None ticket:None]
[2019-03-19 14:04:23,520: DEBUG/MainProcess] pidbox received method enable_events() [reply_to:None ticket:None]
[2019-03-19 14:04:28,370: DEBUG/MainProcess] | Worker: Closing Hub...
[2019-03-19 14:04:28,370: DEBUG/MainProcess] | Worker: Closing Pool...
[2019-03-19 14:04:28,370: DEBUG/MainProcess] | Worker: Closing Consumer...
[2019-03-19 14:04:28,370: DEBUG/MainProcess] | Worker: Stopping Consumer...
[2019-03-19 14:04:28,371: DEBUG/MainProcess] | Consumer: Closing Connection...
[2019-03-19 14:04:28,371: DEBUG/MainProcess] | Consumer: Closing Events...
[2019-03-19 14:04:28,371: DEBUG/MainProcess] | Consumer: Closing Heart...
[2019-03-19 14:04:28,371: DEBUG/MainProcess] | Consumer: Closing Mingle...
[2019-03-19 14:04:28,371: DEBUG/MainProcess] | Consumer: Closing Tasks...
[2019-03-19 14:04:28,371: DEBUG/MainProcess] | Consumer: Closing Control...
[2019-03-19 14:04:28,371: DEBUG/MainProcess] | Consumer: Closing Gossip...
[2019-03-19 14:04:28,372: DEBUG/MainProcess] | Consumer: Closing event loop...
[2019-03-19 14:04:28,372: DEBUG/MainProcess] | Consumer: Stopping event loop...
[2019-03-19 14:04:28,372: DEBUG/MainProcess] | Consumer: Stopping Gossip...
[2019-03-19 14:04:28,383: DEBUG/MainProcess] | Consumer: Stopping Control...
[2019-03-19 14:04:28,404: DEBUG/MainProcess] | Consumer: Stopping Tasks...
[2019-03-19 14:04:28,404: DEBUG/MainProcess] Canceling task consumer...
[2019-03-19 14:04:28,404: DEBUG/MainProcess] | Consumer: Stopping Mingle...
[2019-03-19 14:04:28,405: DEBUG/MainProcess] | Consumer: Stopping Heart...
[2019-03-19 14:04:28,419: DEBUG/MainProcess] | Consumer: Stopping Events...
[2019-03-19 14:04:28,419: DEBUG/MainProcess] | Consumer: Stopping Connection...
[2019-03-19 14:04:28,419: DEBUG/MainProcess] | Worker: Stopping Pool...
[2019-03-19 14:04:29,426: DEBUG/MainProcess] | Worker: Stopping Hub...
[2019-03-19 14:04:29,426: DEBUG/MainProcess] | Consumer: Shutdown Gossip...
[2019-03-19 14:04:29,427: DEBUG/MainProcess] | Consumer: Shutdown Control...
[2019-03-19 14:04:29,427: DEBUG/MainProcess] | Consumer: Shutdown Tasks...
[2019-03-19 14:04:29,427: DEBUG/MainProcess] Canceling task consumer...
[2019-03-19 14:04:29,427: DEBUG/MainProcess] Closing consumer channel...
[2019-03-19 14:04:29,427: DEBUG/MainProcess] | Consumer: Shutdown Heart...
[2019-03-19 14:04:29,427: DEBUG/MainProcess] | Consumer: Shutdown Events...
[2019-03-19 14:04:29,430: DEBUG/MainProcess] | Consumer: Shutdown Connection...
[2019-03-19 14:04:29,437: DEBUG/MainProcess] removing tasks from inqueue until task handler finished
[2019-03-19 14:04:49,448: DEBUG/MainProcess] | Worker: Preparing bootsteps.
[2019-03-19 14:04:49,459: DEBUG/MainProcess] | Worker: Building graph...
[2019-03-19 14:04:49,459: DEBUG/MainProcess] | Worker: New boot order: {StateDB, Beat, Timer, Hub, Pool, Autoscaler, Consumer}
[2019-03-19 14:04:49,625: DEBUG/MainProcess] | Consumer: Preparing bootsteps.
[2019-03-19 14:04:49,625: DEBUG/MainProcess] | Consumer: Building graph...
[2019-03-19 14:04:49,850: DEBUG/MainProcess] | Consumer: New boot order: {Connection, Events, Heart, Mingle, Tasks, Control, Gossip, Agent, event loop}
[2019-03-19 14:04:50,023: DEBUG/MainProcess] | Worker: Starting Hub
[2019-03-19 14:04:50,023: DEBUG/MainProcess] ^-- substep ok
[2019-03-19 14:04:50,024: DEBUG/MainProcess] | Worker: Starting Pool
[2019-03-19 14:04:50,245: DEBUG/MainProcess] ^-- substep ok
[2019-03-19 14:04:50,245: DEBUG/MainProcess] | Worker: Starting Consumer
[2019-03-19 14:04:50,262: DEBUG/MainProcess] | Consumer: Starting Connection
[2019-03-19 14:04:50,410: INFO/MainProcess] Connected to redis://localhost:6379/0
[2019-03-19 14:04:50,411: DEBUG/MainProcess] ^-- substep ok
[2019-03-19 14:04:50,411: DEBUG/MainProcess] | Consumer: Starting Events
[2019-03-19 14:04:50,539: DEBUG/MainProcess] ^-- substep ok
[2019-03-19 14:04:50,539: DEBUG/MainProcess] | Consumer: Starting Heart
[2019-03-19 14:04:50,556: DEBUG/MainProcess] ^-- substep ok
[2019-03-19 14:04:50,556: DEBUG/MainProcess] | Consumer: Starting Mingle
[2019-03-19 14:04:50,557: INFO/MainProcess] mingle: searching for neighbors
[2019-03-19 14:04:51,913: INFO/MainProcess] mingle: sync with 1 nodes
[2019-03-19 14:04:51,915: DEBUG/MainProcess] mingle: processing reply from celery1@eva01
[2019-03-19 14:04:51,916: INFO/MainProcess] mingle: sync complete
[2019-03-19 14:04:51,916: DEBUG/MainProcess] ^-- substep ok
[2019-03-19 14:04:51,916: DEBUG/MainProcess] | Consumer: Starting Tasks
[2019-03-19 14:04:52,000: DEBUG/MainProcess] ^-- substep ok
[2019-03-19 14:04:52,000: DEBUG/MainProcess] | Consumer: Starting Control
[2019-03-19 14:04:52,015: DEBUG/MainProcess] ^-- substep ok
[2019-03-19 14:04:52,015: DEBUG/MainProcess] | Consumer: Starting Gossip
[2019-03-19 14:04:52,035: DEBUG/MainProcess] ^-- substep ok
[2019-03-19 14:04:52,035: DEBUG/MainProcess] | Consumer: Starting event loop
[2019-03-19 14:04:52,035: DEBUG/MainProcess] | Worker: Hub.register Pool...
[2019-03-19 14:04:52,037: WARNING/MainProcess] /home/adminko/GRAMMER/venv/lib/python3.6/site-packages/celery/fixups/django.py:200: UserWarning: Using settings.DEBUG leads to a memory leak, never use this setting in production environments!
  warnings.warn('Using settings.DEBUG leads to a memory leak, never '
[2019-03-19 14:04:52,037: INFO/MainProcess] celery2@eva01 ready.
[2019-03-19 14:04:52,037: DEBUG/MainProcess] basic.qos: prefetch_count->4
[2019-03-19 14:04:53,361: DEBUG/MainProcess] celery1@eva01 joined the party
[2019-03-19 14:04:53,516: DEBUG/MainProcess] pidbox received method enable_events() [reply_to:None ticket:None]
[2019-03-19 14:04:53,516: INFO/MainProcess] Events of group {task} enabled by remote.
[2019-03-19 14:04:54,163: DEBUG/MainProcess] pidbox received method hello(from_node='celery3@eva01', revoked={}) [reply_to:{'exchange': 'reply.celery.pidbox', 'routing_key': 'deb5a0ea-ccc3-38e9-9898-f5cc695ab60d'} ticket:d0131391-5692-446d-9050-095319607b03]
[2019-03-19 14:04:54,163: INFO/MainProcess] sync with celery3@eva01
[2019-03-19 14:04:55,210: DEBUG/MainProcess] celery3@eva01 joined the party
[2019-03-19 14:04:56,268: DEBUG/MainProcess] pidbox received method hello(from_node='celery4@eva01', revoked={}) [reply_to:{'exchange': 'reply.celery.pidbox', 'routing_key': '94557a42-6914-3e54-8221-234b69916867'} ticket:2d6f6f65-d208-4999-b345-83e597e7cfbd]
[2019-03-19 14:04:56,268: INFO/MainProcess] sync with celery4@eva01
[2019-03-19 14:04:57,326: DEBUG/MainProcess] celery4@eva01 joined the party
[2019-03-19 14:04:57,364: DEBUG/MainProcess] pidbox received method hello(from_node='celery5@eva01', revoked={}) [reply_to:{'exchange': 'reply.celery.pidbox', 'routing_key': 'f3bb02ec-9b63-367f-aeff-dd240a06e9fd'} ticket:0d501a87-5df2-4ef9-9743-18f30e8983b1]
[2019-03-19 14:04:57,364: INFO/MainProcess] sync with celery5@eva01
[2019-03-19 14:04:58,523: DEBUG/MainProcess] pidbox received method enable_events() [reply_to:None ticket:None]
[2019-03-19 14:04:58,624: DEBUG/MainProcess] celery5@eva01 joined the party
[2019-03-19 14:05:03,516: DEBUG/MainProcess] pidbox received method enable_events() [reply_to:None ticket:None]
[2019-03-19 14:05:08,519: DEBUG/MainProcess] pidbox received method enable_events() [reply_to:None ticket:None]
[2019-03-19 14:05:13,515: DEBUG/MainProcess] pidbox received method enable_events() [reply_to:None ticket:None]
[2019-03-19 14:05:18,518: DEBUG/MainProcess] pidbox received method enable_events() [reply_to:None ticket:None]
[2019-03-19 14:05:23,516: DEBUG/MainProcess] pidbox received method enable_events() [reply_to:None ticket:None]
[2019-03-19 14:05:28,519: DEBUG/MainProcess] pidbox received method enable_events() [reply_to:None ticket:None]
[2019-03-19 14:05:31,727: DEBUG/MainProcess] celery4@eva01 left
[2019-03-19 14:05:31,734: DEBUG/MainProcess] celery5@eva01 left
[2019-03-19 14:05:31,747: DEBUG/MainProcess] | Worker: Closing Hub...
[2019-03-19 14:05:31,747: DEBUG/MainProcess] | Worker: Closing Pool...
[2019-03-19 14:05:31,747: DEBUG/MainProcess] | Worker: Closing Consumer...
[2019-03-19 14:05:31,748: DEBUG/MainProcess] | Worker: Stopping Consumer...
[2019-03-19 14:05:31,748: DEBUG/MainProcess] | Consumer: Closing Connection...
[2019-03-19 14:05:31,748: DEBUG/MainProcess] | Consumer: Closing Events...
[2019-03-19 14:05:31,748: DEBUG/MainProcess] | Consumer: Closing Heart...
[2019-03-19 14:05:31,748: DEBUG/MainProcess] | Consumer: Closing Mingle...
[2019-03-19 14:05:31,748: DEBUG/MainProcess] | Consumer: Closing Tasks...
[2019-03-19 14:05:31,749: DEBUG/MainProcess] | Consumer: Closing Control...
[2019-03-19 14:05:31,749: DEBUG/MainProcess] | Consumer: Closing Gossip...
[2019-03-19 14:05:31,749: DEBUG/MainProcess] | Consumer: Closing event loop...
[2019-03-19 14:05:31,749: DEBUG/MainProcess] | Consumer: Stopping event loop...
[2019-03-19 14:05:31,749: DEBUG/MainProcess] | Consumer: Stopping Gossip...
[2019-03-19 14:05:31,764: DEBUG/MainProcess] | Consumer: Stopping Control...
[2019-03-19 14:05:31,772: DEBUG/MainProcess] | Consumer: Stopping Tasks...
[2019-03-19 14:05:31,773: DEBUG/MainProcess] Canceling task consumer...
[2019-03-19 14:05:31,773: DEBUG/MainProcess] | Consumer: Stopping Mingle...
[2019-03-19 14:05:31,773: DEBUG/MainProcess] | Consumer: Stopping Heart...
[2019-03-19 14:05:31,782: DEBUG/MainProcess] | Consumer: Stopping Events...
[2019-03-19 14:05:31,783: DEBUG/MainProcess] | Consumer: Stopping Connection...
[2019-03-19 14:05:31,783: DEBUG/MainProcess] | Worker: Stopping Pool...
[2019-03-19 14:05:32,813: DEBUG/MainProcess] | Worker: Stopping Hub...
[2019-03-19 14:05:32,813: DEBUG/MainProcess] | Consumer: Shutdown Gossip...
[2019-03-19 14:05:32,814: DEBUG/MainProcess] | Consumer: Shutdown Control...
[2019-03-19 14:05:32,814: DEBUG/MainProcess] | Consumer: Shutdown Tasks...
[2019-03-19 14:05:32,814: DEBUG/MainProcess] Canceling task consumer...
[2019-03-19 14:05:32,814: DEBUG/MainProcess] Closing consumer channel...
[2019-03-19 14:05:32,814: DEBUG/MainProcess] | Consumer: Shutdown Heart...
[2019-03-19 14:05:32,815: DEBUG/MainProcess] | Consumer: Shutdown Events...
[2019-03-19 14:05:32,815: DEBUG/MainProcess] | Consumer: Shutdown Connection...
[2019-03-19 14:05:32,816: DEBUG/MainProcess] removing tasks from inqueue until task handler finished
[2019-03-19 14:06:20,570: DEBUG/MainProcess] | Worker: Preparing bootsteps.
[2019-03-19 14:06:20,585: DEBUG/MainProcess] | Worker: Building graph...
[2019-03-19 14:06:20,585: DEBUG/MainProcess] | Worker: New boot order: {StateDB, Timer, Hub, Pool, Autoscaler, Beat, Consumer}
[2019-03-19 14:06:20,728: DEBUG/MainProcess] | Consumer: Preparing bootsteps.
[2019-03-19 14:06:20,728: DEBUG/MainProcess] | Consumer: Building graph...
[2019-03-19 14:06:20,988: DEBUG/MainProcess] | Consumer: New boot order: {Connection, Events, Heart, Mingle, Tasks, Control, Gossip, Agent, event loop}
[2019-03-19 14:06:21,185: DEBUG/MainProcess] | Worker: Starting Hub
[2019-03-19 14:06:21,185: DEBUG/MainProcess] ^-- substep ok
[2019-03-19 14:06:21,185: DEBUG/MainProcess] | Worker: Starting Pool
[2019-03-19 14:06:21,425: DEBUG/MainProcess] ^-- substep ok
[2019-03-19 14:06:21,446: DEBUG/MainProcess] | Worker: Starting Consumer
[2019-03-19 14:06:21,447: DEBUG/MainProcess] | Consumer: Starting Connection
[2019-03-19 14:06:21,584: INFO/MainProcess] Connected to redis://localhost:6379/0
[2019-03-19 14:06:21,584: DEBUG/MainProcess] ^-- substep ok
[2019-03-19 14:06:21,584: DEBUG/MainProcess] | Consumer: Starting Events
[2019-03-19 14:06:21,751: DEBUG/MainProcess] ^-- substep ok
[2019-03-19 14:06:21,751: DEBUG/MainProcess] | Consumer: Starting Heart
[2019-03-19 14:06:21,764: DEBUG/MainProcess] ^-- substep ok
[2019-03-19 14:06:21,765: DEBUG/MainProcess] | Consumer: Starting Mingle
[2019-03-19 14:06:21,765: INFO/MainProcess] mingle: searching for neighbors
[2019-03-19 14:06:23,073: INFO/MainProcess] mingle: sync with 1 nodes
[2019-03-19 14:06:23,076: DEBUG/MainProcess] mingle: processing reply from celery1@eva01
[2019-03-19 14:06:23,076: INFO/MainProcess] mingle: sync complete
[2019-03-19 14:06:23,077: DEBUG/MainProcess] ^-- substep ok
[2019-03-19 14:06:23,077: DEBUG/MainProcess] | Consumer: Starting Tasks
[2019-03-19 14:06:23,139: DEBUG/MainProcess] ^-- substep ok
[2019-03-19 14:06:23,139: DEBUG/MainProcess] | Consumer: Starting Control
[2019-03-19 14:06:23,154: DEBUG/MainProcess] ^-- substep ok
[2019-03-19 14:06:23,154: DEBUG/MainProcess] | Consumer: Starting Gossip
[2019-03-19 14:06:23,166: DEBUG/MainProcess] ^-- substep ok
[2019-03-19 14:06:23,167: DEBUG/MainProcess] | Consumer: Starting event loop
[2019-03-19 14:06:23,167: DEBUG/MainProcess] | Worker: Hub.register Pool...
[2019-03-19 14:06:23,168: WARNING/MainProcess] /home/adminko/GRAMMER/venv/lib/python3.6/site-packages/celery/fixups/django.py:200: UserWarning: Using settings.DEBUG leads to a memory leak, never use this setting in production environments!
  warnings.warn('Using settings.DEBUG leads to a memory leak, never '
[2019-03-19 14:06:23,169: INFO/MainProcess] celery2@eva01 ready.
[2019-03-19 14:06:23,169: DEBUG/MainProcess] basic.qos: prefetch_count->4
[2019-03-19 14:06:23,516: DEBUG/MainProcess] pidbox received method enable_events() [reply_to:None ticket:None]
[2019-03-19 14:06:23,516: INFO/MainProcess] Events of group {task} enabled by remote.
[2019-03-19 14:06:24,399: DEBUG/MainProcess] celery1@eva01 joined the party
[2019-03-19 14:06:25,186: DEBUG/MainProcess] pidbox received method hello(from_node='celery3@eva01', revoked={}) [reply_to:{'exchange': 'reply.celery.pidbox', 'routing_key': '58befcfe-1dde-38c4-a284-213f41ed59f0'} ticket:892e8628-fa4a-4c0b-8697-528b67915746]
[2019-03-19 14:06:25,187: INFO/MainProcess] sync with celery3@eva01
[2019-03-19 14:06:26,227: DEBUG/MainProcess] celery3@eva01 joined the party
[2019-03-19 14:06:27,460: DEBUG/MainProcess] celery4@eva01 joined the party
[2019-03-19 14:06:27,732: DEBUG/MainProcess] pidbox received method hello(from_node='celery4@eva01', revoked={}) [reply_to:{'exchange': 'reply.celery.pidbox', 'routing_key': '4913d8c8-bcce-3d9a-9057-aa3d7bf571f1'} ticket:47d260f6-218e-4476-b5ce-4f3e3d3213b4]
[2019-03-19 14:06:27,733: INFO/MainProcess] sync with celery4@eva01
[2019-03-19 14:06:28,518: DEBUG/MainProcess] pidbox received method enable_events() [reply_to:None ticket:None]
[2019-03-19 14:06:29,122: DEBUG/MainProcess] celery5@eva01 joined the party
[2019-03-19 14:06:29,194: DEBUG/MainProcess] pidbox received method hello(from_node='celery5@eva01', revoked={}) [reply_to:{'exchange': 'reply.celery.pidbox', 'routing_key': '37c5c1ff-fd08-39b2-88aa-fb8a4c82a2ff'} ticket:935e9b6d-4108-402b-9cd2-eb48fa98a793]
[2019-03-19 14:06:29,195: INFO/MainProcess] sync with celery5@eva01
[2019-03-19 14:06:33,517: DEBUG/MainProcess] pidbox received method enable_events() [reply_to:None ticket:None]
[2019-03-19 14:06:38,517: DEBUG/MainProcess] pidbox received method enable_events() [reply_to:None ticket:None]
[2019-03-19 14:06:43,516: DEBUG/MainProcess] pidbox received method enable_events() [reply_to:None ticket:None]
[2019-03-19 14:06:48,519: DEBUG/MainProcess] pidbox received method enable_events() [reply_to:None ticket:None]
[2019-03-19 14:06:53,522: DEBUG/MainProcess] pidbox received method enable_events() [reply_to:None ticket:None]
[2019-03-19 14:06:54,072: DEBUG/MainProcess] pidbox received method scheduled() [reply_to:{'exchange': 'reply.celery.pidbox', 'routing_key': '296b78b8-bcb8-32b1-9aca-de5abdf94b9c'} ticket:475c385d-0365-426f-850b-e3116d8953b4]
[2019-03-19 14:06:54,087: DEBUG/MainProcess] pidbox received method active_queues() [reply_to:{'exchange': 'reply.celery.pidbox', 'routing_key': 'aed6642d-575d-316e-a6f9-da35325592f5'} ticket:e97e00b5-bd4a-4a7e-b722-ed47102800b8]
[2019-03-19 14:06:54,117: DEBUG/MainProcess] pidbox received method stats() [reply_to:{'exchange': 'reply.celery.pidbox', 'routing_key': 'a4146202-a9dc-32fe-95e6-c12f222694ef'} ticket:225a21d4-4171-4eb7-a3b1-163e606329dc]
[2019-03-19 14:06:54,126: DEBUG/MainProcess] pidbox received method registered(taskinfoitems=[]) [reply_to:{'exchange': 'reply.celery.pidbox', 'routing_key': 'a81613c9-d6ad-3b74-88a3-0d3ac875e6fd'} ticket:7168b963-60aa-452f-872d-9276b312065b]
[2019-03-19 14:06:54,175: DEBUG/MainProcess] pidbox received method reserved() [reply_to:{'exchange': 'reply.celery.pidbox', 'routing_key': '296b78b8-bcb8-32b1-9aca-de5abdf94b9c'} ticket:1c7266e4-129f-475a-a079-6831403e9251]
[2019-03-19 14:06:54,185: DEBUG/MainProcess] pidbox received method active() [reply_to:{'exchange': 'reply.celery.pidbox', 'routing_key': 'aed6642d-575d-316e-a6f9-da35325592f5'} ticket:8a390b1d-f048-4f2b-a99a-ba63ce219bd1]
[2019-03-19 14:06:54,190: DEBUG/MainProcess] pidbox received method revoked() [reply_to:{'exchange': 'reply.celery.pidbox', 'routing_key': 'a4146202-a9dc-32fe-95e6-c12f222694ef'} ticket:707356e1-c38c-4f59-81ec-ce961a427191]
[2019-03-19 14:06:54,195: DEBUG/MainProcess] pidbox received method conf(with_defaults=False) [reply_to:{'exchange': 'reply.celery.pidbox', 'routing_key': 'a81613c9-d6ad-3b74-88a3-0d3ac875e6fd'} ticket:47a09a35-1f41-4807-8143-cf713b7c3a5e]
[2019-03-19 14:06:58,518: DEBUG/MainProcess] pidbox received method enable_events() [reply_to:None ticket:None]
[2019-03-19 14:07:03,520: DEBUG/MainProcess] pidbox received method enable_events() [reply_to:None ticket:None]
[2019-03-19 14:07:08,521: DEBUG/MainProcess] pidbox received method enable_events() [reply_to:None ticket:None]
[2019-03-19 14:07:08,582: DEBUG/MainProcess] | Worker: Closing Hub...
[2019-03-19 14:07:08,582: DEBUG/MainProcess] | Worker: Closing Pool...
[2019-03-19 14:07:08,582: DEBUG/MainProcess] | Worker: Closing Consumer...
[2019-03-19 14:07:08,582: DEBUG/MainProcess] | Worker: Stopping Consumer...
[2019-03-19 14:07:08,583: DEBUG/MainProcess] | Consumer: Closing Connection...
[2019-03-19 14:07:08,583: DEBUG/MainProcess] | Consumer: Closing Events...
[2019-03-19 14:07:08,583: DEBUG/MainProcess] | Consumer: Closing Heart...
[2019-03-19 14:07:08,583: DEBUG/MainProcess] | Consumer: Closing Mingle...
[2019-03-19 14:07:08,584: DEBUG/MainProcess] | Consumer: Closing Tasks...
[2019-03-19 14:07:08,584: DEBUG/MainProcess] | Consumer: Closing Control...
[2019-03-19 14:07:08,584: DEBUG/MainProcess] | Consumer: Closing Gossip...
[2019-03-19 14:07:08,584: DEBUG/MainProcess] | Consumer: Closing event loop...
[2019-03-19 14:07:08,584: DEBUG/MainProcess] | Consumer: Stopping event loop...
[2019-03-19 14:07:08,584: DEBUG/MainProcess] | Consumer: Stopping Gossip...
[2019-03-19 14:07:08,622: DEBUG/MainProcess] | Consumer: Stopping Control...
[2019-03-19 14:07:08,634: DEBUG/MainProcess] | Consumer: Stopping Tasks...
[2019-03-19 14:07:08,634: DEBUG/MainProcess] Canceling task consumer...
[2019-03-19 14:07:08,635: DEBUG/MainProcess] | Consumer: Stopping Mingle...
[2019-03-19 14:07:08,635: DEBUG/MainProcess] | Consumer: Stopping Heart...
[2019-03-19 14:07:08,646: DEBUG/MainProcess] | Consumer: Stopping Events...
[2019-03-19 14:07:08,647: DEBUG/MainProcess] | Consumer: Stopping Connection...
[2019-03-19 14:07:08,647: DEBUG/MainProcess] | Worker: Stopping Pool...
[2019-03-19 14:07:09,671: DEBUG/MainProcess] | Worker: Stopping Hub...
[2019-03-19 14:07:09,671: DEBUG/MainProcess] | Consumer: Shutdown Gossip...
[2019-03-19 14:07:09,671: DEBUG/MainProcess] | Consumer: Shutdown Control...
[2019-03-19 14:07:09,672: DEBUG/MainProcess] | Consumer: Shutdown Tasks...
[2019-03-19 14:07:09,672: DEBUG/MainProcess] Canceling task consumer...
[2019-03-19 14:07:09,672: DEBUG/MainProcess] Closing consumer channel...
[2019-03-19 14:07:09,672: DEBUG/MainProcess] | Consumer: Shutdown Heart...
[2019-03-19 14:07:09,672: DEBUG/MainProcess] | Consumer: Shutdown Events...
[2019-03-19 14:07:09,673: DEBUG/MainProcess] | Consumer: Shutdown Connection...
[2019-03-19 14:07:09,674: DEBUG/MainProcess] removing tasks from inqueue until task handler finished
[2019-03-19 14:16:13,133: DEBUG/MainProcess] | Worker: Preparing bootsteps.
[2019-03-19 14:16:13,143: DEBUG/MainProcess] | Worker: Building graph...
[2019-03-19 14:16:13,144: DEBUG/MainProcess] | Worker: New boot order: {StateDB, Timer, Hub, Pool, Autoscaler, Beat, Consumer}
[2019-03-19 14:16:13,298: DEBUG/MainProcess] | Consumer: Preparing bootsteps.
[2019-03-19 14:16:13,310: DEBUG/MainProcess] | Consumer: Building graph...
[2019-03-19 14:16:13,554: DEBUG/MainProcess] | Consumer: New boot order: {Connection, Events, Mingle, Gossip, Tasks, Control, Agent, Heart, event loop}
[2019-03-19 14:16:13,718: DEBUG/MainProcess] | Worker: Starting Hub
[2019-03-19 14:16:13,719: DEBUG/MainProcess] ^-- substep ok
[2019-03-19 14:16:13,719: DEBUG/MainProcess] | Worker: Starting Pool
[2019-03-19 14:16:13,984: DEBUG/MainProcess] ^-- substep ok
[2019-03-19 14:16:13,984: DEBUG/MainProcess] | Worker: Starting Consumer
[2019-03-19 14:16:13,985: DEBUG/MainProcess] | Consumer: Starting Connection
[2019-03-19 14:16:14,182: INFO/MainProcess] Connected to redis://localhost:6379/0
[2019-03-19 14:16:14,182: DEBUG/MainProcess] ^-- substep ok
[2019-03-19 14:16:14,183: DEBUG/MainProcess] | Consumer: Starting Events
[2019-03-19 14:16:14,327: DEBUG/MainProcess] ^-- substep ok
[2019-03-19 14:16:14,328: DEBUG/MainProcess] | Consumer: Starting Mingle
[2019-03-19 14:16:14,328: INFO/MainProcess] mingle: searching for neighbors
[2019-03-19 14:16:15,597: INFO/MainProcess] mingle: sync with 1 nodes
[2019-03-19 14:16:15,600: DEBUG/MainProcess] mingle: processing reply from celery1@eva01
[2019-03-19 14:16:15,600: INFO/MainProcess] mingle: sync complete
[2019-03-19 14:16:15,600: DEBUG/MainProcess] ^-- substep ok
[2019-03-19 14:16:15,600: DEBUG/MainProcess] | Consumer: Starting Gossip
[2019-03-19 14:16:15,615: DEBUG/MainProcess] ^-- substep ok
[2019-03-19 14:16:15,615: DEBUG/MainProcess] | Consumer: Starting Tasks
[2019-03-19 14:16:15,663: DEBUG/MainProcess] ^-- substep ok
[2019-03-19 14:16:15,663: DEBUG/MainProcess] | Consumer: Starting Control
[2019-03-19 14:16:15,678: DEBUG/MainProcess] ^-- substep ok
[2019-03-19 14:16:15,678: DEBUG/MainProcess] | Consumer: Starting Heart
[2019-03-19 14:16:15,682: DEBUG/MainProcess] ^-- substep ok
[2019-03-19 14:16:15,682: DEBUG/MainProcess] | Consumer: Starting event loop
[2019-03-19 14:16:15,682: DEBUG/MainProcess] | Worker: Hub.register Pool...
[2019-03-19 14:16:15,684: WARNING/MainProcess] /home/adminko/GRAMMER/venv/lib/python3.6/site-packages/celery/fixups/django.py:200: UserWarning: Using settings.DEBUG leads to a memory leak, never use this setting in production environments!
  warnings.warn('Using settings.DEBUG leads to a memory leak, never '
[2019-03-19 14:16:15,684: INFO/MainProcess] celery2@eva01 ready.
[2019-03-19 14:16:15,684: DEBUG/MainProcess] basic.qos: prefetch_count->4
[2019-03-19 14:16:16,233: DEBUG/MainProcess] celery1@eva01 joined the party
[2019-03-19 14:16:17,675: DEBUG/MainProcess] pidbox received method hello(from_node='celery3@eva01', revoked={}) [reply_to:{'exchange': 'reply.celery.pidbox', 'routing_key': '2270a81f-9423-36f1-9d07-d90885cffc45'} ticket:7faeb827-bb88-4ddd-9efc-4a51f3fbd0d8]
[2019-03-19 14:16:17,675: INFO/MainProcess] sync with celery3@eva01
[2019-03-19 14:16:18,516: DEBUG/MainProcess] pidbox received method enable_events() [reply_to:None ticket:None]
[2019-03-19 14:16:18,516: INFO/MainProcess] Events of group {task} enabled by remote.
[2019-03-19 14:16:18,751: DEBUG/MainProcess] celery3@eva01 joined the party
[2019-03-19 14:16:19,976: DEBUG/MainProcess] pidbox received method hello(from_node='celery4@eva01', revoked={}) [reply_to:{'exchange': 'reply.celery.pidbox', 'routing_key': '867038c3-f699-3eb6-98c5-2917475bbf5c'} ticket:d17d4c41-1e01-4e0e-ace4-feca09e597d1]
[2019-03-19 14:16:19,976: INFO/MainProcess] sync with celery4@eva01
[2019-03-19 14:16:21,024: DEBUG/MainProcess] celery4@eva01 joined the party
[2019-03-19 14:16:21,297: DEBUG/MainProcess] pidbox received method hello(from_node='celery5@eva01', revoked={}) [reply_to:{'exchange': 'reply.celery.pidbox', 'routing_key': '586c57a3-d78a-39db-b979-121e9c62550a'} ticket:1d11645a-71bc-4fce-8b6c-9a47b4b3553b]
[2019-03-19 14:16:21,303: INFO/MainProcess] sync with celery5@eva01
[2019-03-19 14:16:22,346: DEBUG/MainProcess] celery5@eva01 joined the party
[2019-03-19 14:16:23,518: DEBUG/MainProcess] pidbox received method enable_events() [reply_to:None ticket:None]
[2019-03-19 14:16:28,522: DEBUG/MainProcess] pidbox received method enable_events() [reply_to:None ticket:None]
[2019-03-19 14:16:33,517: DEBUG/MainProcess] pidbox received method enable_events() [reply_to:None ticket:None]
[2019-03-19 14:16:38,518: DEBUG/MainProcess] pidbox received method enable_events() [reply_to:None ticket:None]
[2019-03-19 14:16:43,524: DEBUG/MainProcess] pidbox received method enable_events() [reply_to:None ticket:None]
[2019-03-19 14:16:48,515: DEBUG/MainProcess] pidbox received method enable_events() [reply_to:None ticket:None]
[2019-03-19 14:16:53,519: DEBUG/MainProcess] pidbox received method enable_events() [reply_to:None ticket:None]
[2019-03-19 14:16:58,521: DEBUG/MainProcess] pidbox received method enable_events() [reply_to:None ticket:None]
[2019-03-19 14:16:58,849: DEBUG/MainProcess] celery5@eva01 left
[2019-03-19 14:16:58,865: DEBUG/MainProcess] | Worker: Closing Hub...
[2019-03-19 14:16:58,865: DEBUG/MainProcess] | Worker: Closing Pool...
[2019-03-19 14:16:58,866: DEBUG/MainProcess] | Worker: Closing Consumer...
[2019-03-19 14:16:58,866: DEBUG/MainProcess] | Worker: Stopping Consumer...
[2019-03-19 14:16:58,866: DEBUG/MainProcess] | Consumer: Closing Connection...
[2019-03-19 14:16:58,866: DEBUG/MainProcess] | Consumer: Closing Events...
[2019-03-19 14:16:58,867: DEBUG/MainProcess] | Consumer: Closing Mingle...
[2019-03-19 14:16:58,867: DEBUG/MainProcess] | Consumer: Closing Gossip...
[2019-03-19 14:16:58,867: DEBUG/MainProcess] | Consumer: Closing Tasks...
[2019-03-19 14:16:58,867: DEBUG/MainProcess] | Consumer: Closing Control...
[2019-03-19 14:16:58,867: DEBUG/MainProcess] | Consumer: Closing Heart...
[2019-03-19 14:16:58,867: DEBUG/MainProcess] | Consumer: Closing event loop...
[2019-03-19 14:16:58,868: DEBUG/MainProcess] | Consumer: Stopping event loop...
[2019-03-19 14:16:58,868: DEBUG/MainProcess] | Consumer: Stopping Heart...
[2019-03-19 14:16:58,878: DEBUG/MainProcess] | Consumer: Stopping Control...
[2019-03-19 14:16:58,892: DEBUG/MainProcess] | Consumer: Stopping Tasks...
[2019-03-19 14:16:58,893: DEBUG/MainProcess] Canceling task consumer...
[2019-03-19 14:16:58,893: DEBUG/MainProcess] | Consumer: Stopping Gossip...
[2019-03-19 14:16:58,906: DEBUG/MainProcess] | Consumer: Stopping Mingle...
[2019-03-19 14:16:58,907: DEBUG/MainProcess] | Consumer: Stopping Events...
[2019-03-19 14:16:58,907: DEBUG/MainProcess] | Consumer: Stopping Connection...
[2019-03-19 14:16:58,907: DEBUG/MainProcess] | Worker: Stopping Pool...
[2019-03-19 14:16:59,934: DEBUG/MainProcess] | Worker: Stopping Hub...
[2019-03-19 14:16:59,935: DEBUG/MainProcess] | Consumer: Shutdown Heart...
[2019-03-19 14:16:59,935: DEBUG/MainProcess] | Consumer: Shutdown Control...
[2019-03-19 14:16:59,936: DEBUG/MainProcess] | Consumer: Shutdown Tasks...
[2019-03-19 14:16:59,937: DEBUG/MainProcess] Canceling task consumer...
[2019-03-19 14:16:59,937: DEBUG/MainProcess] Closing consumer channel...
[2019-03-19 14:16:59,937: DEBUG/MainProcess] | Consumer: Shutdown Gossip...
[2019-03-19 14:16:59,938: DEBUG/MainProcess] | Consumer: Shutdown Events...
[2019-03-19 14:16:59,939: DEBUG/MainProcess] | Consumer: Shutdown Connection...
[2019-03-19 14:16:59,940: DEBUG/MainProcess] removing tasks from inqueue until task handler finished
